#
# A fatal error has been detected by the Java Runtime Environment:
#
#  EXCEPTION_ACCESS_VIOLATION (0xc0000005) at pc=0x000001f273e8adbf, pid=28340, tid=31000
#
# JRE version: OpenJDK Runtime Environment Temurin-21.0.6+7 (21.0.6+7) (build 21.0.6+7-LTS)
# Java VM: OpenJDK 64-Bit Server VM Temurin-21.0.6+7 (21.0.6+7-LTS, mixed mode, emulated-client, sharing, tiered, compressed oops, compressed class ptrs, g1 gc, windows-amd64)
# Problematic frame:
# v  ~BufferBlob::MethodHandles adapters 0x000001f273e8adbf
#
# No core dump will be written. Minidumps are not enabled by default on client versions of Windows
#
# If you would like to submit a bug report, please visit:
#   https://github.com/adoptium/adoptium-support/issues
#

---------------  S U M M A R Y ------------

Command Line: -XX:+ShowCodeDetailsInExceptionMessages -agentlib:jdwp=transport=dt_socket,suspend=y,address=localhost:49969 -Dcom.sun.management.jmxremote -Dcom.sun.management.jmxremote.port=49968 -Dcom.sun.management.jmxremote.authenticate=false -Dcom.sun.management.jmxremote.ssl=false -Djava.rmi.server.hostname=localhost -Dspring.jmx.enabled=true -Dmanagement.endpoints.jmx.exposure.include=* -Dspring.application.admin.enabled=true -Dspring.output.ansi.enabled=always -XX:TieredStopAtLevel=1 -Dspring.boot.project.name=codeNcut -javaagent:C:\Users\imi90\OneDrive\Desktop\js\codeNcut_project\sts-4.28.1.RELEASE\configuration\org.eclipse.osgi\275\0\.cp\lib\javaagent-shaded.jar -Dfile.encoding=UTF-8 -Dstdout.encoding=UTF-8 -Dstderr.encoding=UTF-8 com.jsL.codeNcut.CodeNcutApplication

Host: 11th Gen Intel(R) Core(TM) i7-1165G7 @ 2.80GHz, 8 cores, 15G,  Windows 11 , 64 bit Build 22621 (10.0.22621.5124)
Time: Fri Apr 25 19:43:58 2025  Windows 11 , 64 bit Build 22621 (10.0.22621.5124) elapsed time: 2993.847210 seconds (0d 0h 49m 53s)

---------------  T H R E A D  ---------------

Current thread (0x000001f247ab5dc0):  JavaThread "http-nio-8080-exec-5" daemon [_thread_in_Java, id=31000, stack(0x0000003182400000,0x0000003182500000) (1024K)]

Stack: [0x0000003182400000,0x0000003182500000],  sp=0x00000031824fcc98,  free space=1011k
Native frames: (J=compiled Java code, j=interpreted, Vv=VM code, C=native code)
C  0x000001f273e8adbf

The last pc belongs to _linkToVirtual (printed below).

siginfo: EXCEPTION_ACCESS_VIOLATION (0xc0000005), reading address 0xffff804000040038


Registers:
RAX=0x000001f273e5958b, RBX=0xffff804000040000, RCX=0x00000031824fccb0, RDX=0x0000000000000004
RSP=0x00000031824fcc98, RBP=0x00000031824fccf8, RSI=0x000001f27f67f718, RDI=0x000001f2457bd720
R8 =0x0000000000000004, R9 =0x0000000000000004, R10=0x000001f242438276, R11=0x0000000000000000
R12=0x0000000000000000, R13=0x00000031824fcc98, R14=0x00000031824fcd28, R15=0x000001f247ab5dc0
RIP=0x000001f273e8adbf, EFLAGS=0x0000000000010202

XMM[0]=0x0000000000000000 0x0000000000000000
XMM[1]=0x0000000000000000 0x0000000000000000
XMM[2]=0x0000000000000000 0x0000000000000000
XMM[3]=0x0000000000000000 0x0000000000000000
XMM[4]=0x0000000000000000 0x0000000000000000
XMM[5]=0x0000000000000000 0x0000000000000000
XMM[6]=0x0000000000000000 0x0000000000000000
XMM[7]=0x0000000000000000 0x0000000000000000
XMM[8]=0x0000000000000000 0x0000000000000000
XMM[9]=0x0000000000000000 0x0000000000000000
XMM[10]=0x0000000000000000 0x0000000000000000
XMM[11]=0x0000000000000000 0x0000000000000000
XMM[12]=0x0000000000000000 0x0000000000000000
XMM[13]=0x0000000000000000 0x0000000000000000
XMM[14]=0x0000000000000000 0x0000000000000000
XMM[15]=0x0000000000000000 0x0000000000000000
  MXCSR=0x00001fa0


Register to memory mapping:

RAX=0x000001f273e5958b is at code_begin+4363 in an Interpreter codelet
return entry points  [0x000001f273e58480, 0x000001f273e5a298]  7704 bytes
RBX=0xffff804000040000 is an unknown value
RCX=0x00000031824fccb0 is pointing into the stack for thread: 0x000001f247ab5dc0
RDX=0x0000000000000004 is an unknown value
RSP=0x00000031824fcc98 is pointing into the stack for thread: 0x000001f247ab5dc0
RBP=0x00000031824fccf8 is pointing into the stack for thread: 0x000001f247ab5dc0
RSI=0x000001f27f67f718 points into unknown readable memory: 0x88000a64348e1bd9 | d9 1b 8e 34 64 0a 00 88
RDI=0x000001f2457bd720 points into unknown readable memory: 0x0000002800000080 | 80 00 00 00 28 00 00 00
R8 =0x0000000000000004 is an unknown value
R9 =0x0000000000000004 is an unknown value
R10=0x000001f242438276 is pointing into metadata
R11=0x0 is null
R12=0x0 is null
R13=0x00000031824fcc98 is pointing into the stack for thread: 0x000001f247ab5dc0
R14=0x00000031824fcd28 is pointing into the stack for thread: 0x000001f247ab5dc0
R15=0x000001f247ab5dc0 is a thread

Top of Stack: (sp=0x00000031824fcc98)
0x00000031824fcc98:   000001f273e5958b 000000070ad45c08
0x00000031824fcca8:   00000007084d4550 00000031824fccb0
0x00000031824fccb8:   000001f242438276 0000000000000006
0x00000031824fccc8:   000001f2424383c8 00000031824fcd98
0x00000031824fccd8:   00000007056068a0 000001f242438288
0x00000031824fcce8:   00000031824fcc98 00000031824fcd30
0x00000031824fccf8:   00000031824fcd98 000001f273e5958b
0x00000031824fcd08:   000000070a6db6a0 000000070a6db298
0x00000031824fcd18:   000000070ad45c08 00000007084d4550
0x00000031824fcd28:   000000070a6db878 000000070a6db298
0x00000031824fcd38:   000000070ad45c08 00000007084d4550
0x00000031824fcd48:   000000070a6db878 00000031824fcd50
0x00000031824fcd58:   000001f241903f01 000000000000000c
0x00000031824fcd68:   000001f241a9d058 0000000000000000
0x00000031824fcd78:   0000000706a91108 000001f241903f10
0x00000031824fcd88:   00000031824fcd30 00000031824fce00
0x00000031824fcd98:   00000031824fd0b8 000001f27498a1aa
0x00000031824fcda8:   000000070a6db878 00000007084d4550
0x00000031824fcdb8:   000000070a6dba78 000000070a6db298
0x00000031824fcdc8:   000000070a6dbb78 000000070ad45c08
0x00000031824fcdd8:   000000070a6dbc80 000000070a6db298
0x00000031824fcde8:   000000070ad45c08 00000007084d4550
0x00000031824fcdf8:   000000070a6dbcd0 0000003100000000
0x00000031824fce08:   0000000708676870 0000000707085ed8
0x00000031824fce18:   000000070a6dbd00 000000070a6dbcd0
0x00000031824fce28:   000001f200000001 0000000707085ed8
0x00000031824fce38:   000000070619d350 000000070868b8a8
0x00000031824fce48:   00007fff8a4dd3bc 00000031824fd0b8
0x00000031824fce58:   000001f274218f5c 00000031824fd168
0x00000031824fce68:   0000000000000000 00000031824fd0b8
0x00000031824fce78:   000001f274d1a174 0000000000000000
0x00000031824fce88:   0000000000000000 0000000000000000 

Instructions: (pc=0x000001f273e8adbf)
0x000001f273e8acbf:   00 f0 ac e8 73 f2 01 00 00 00 00 00 00 00 00 00
0x000001f273e8accf:   00 38 87 86 8a ff 7f 00 00 f0 10 00 00 60 00 00
0x000001f273e8acdf:   00 ff ff ff ff f0 10 00 00 00 00 00 00 00 00 00
0x000001f273e8acef:   00 00 00 00 00 00 00 00 00 00 00 00 00 00 00 00
0x000001f273e8acff:   00 f4 66 66 66 0f 1f 84 00 00 00 00 00 66 66 66
0x000001f273e8ad0f:   90 66 66 66 0f 1f 84 00 00 00 00 00 66 66 66 90
0x000001f273e8ad1f:   90 48 8b 53 08 0f b7 52 2e 48 8b 0c d4 8b 59 14
0x000001f273e8ad2f:   48 c1 e3 03 8b 5b 28 48 c1 e3 03 8b 5b 24 48 c1
0x000001f273e8ad3f:   e3 03 48 8b 5b 10 48 85 db 0f 84 10 00 00 00 41
0x000001f273e8ad4f:   80 bf d8 05 00 00 00 74 03 ff 63 38 ff 63 50 e9
0x000001f273e8ad5f:   9d 16 00 00 66 66 66 0f 1f 84 00 00 00 00 00 66
0x000001f273e8ad6f:   66 66 90 66 66 0f 1f 84 00 00 00 00 00 66 66 66
0x000001f273e8ad7f:   90 48 8b 53 08 0f b7 52 2e 48 8b 0c d4 58 5b 50
0x000001f273e8ad8f:   44 8b 51 08 49 bb 00 00 00 00 f2 01 00 00 4d 03
0x000001f273e8ad9f:   d3 4c 8b 5b 10 4b 8b 9c da c0 01 00 00 48 85 db
0x000001f273e8adaf:   0f 84 10 00 00 00 41 80 bf d8 05 00 00 00 74 03
0x000001f273e8adbf:   ff 63 38 ff 63 50 e9 36 16 00 00 66 66 66 0f 1f
0x000001f273e8adcf:   84 00 00 00 00 00 66 66 66 90 0f 1f 80 00 00 00
0x000001f273e8addf:   00 58 5b 50 8b 5b 24 48 c1 e3 03 48 8b 5b 10 48
0x000001f273e8adef:   85 db 0f 84 10 00 00 00 41 80 bf d8 05 00 00 00
0x000001f273e8adff:   74 03 ff 63 38 ff 63 50 e9 f4 15 00 00 66 66 66
0x000001f273e8ae0f:   0f 1f 84 00 00 00 00 00 66 66 66 90 0f 1f 44 00
0x000001f273e8ae1f:   00 48 8b 53 08 0f b7 52 2e 48 8b 0c d4 58 5b 50
0x000001f273e8ae2f:   48 3b 01 8b 5b 24 48 c1 e3 03 48 8b 5b 10 48 85
0x000001f273e8ae3f:   db 0f 84 10 00 00 00 41 80 bf d8 05 00 00 00 74
0x000001f273e8ae4f:   03 ff 63 38 ff 63 50 e9 a5 15 00 00 0f 1f 44 00
0x000001f273e8ae5f:   00 48 8b 53 08 0f b7 52 2e 48 8b 0c d4 58 5b 50
0x000001f273e8ae6f:   44 8b 51 08 49 bb 00 00 00 00 f2 01 00 00 4d 03
0x000001f273e8ae7f:   d3 8b 43 18 48 c1 e0 03 48 8b 40 10 48 8b 5b 10
0x000001f273e8ae8f:   45 8b 9a a0 00 00 00 4f 8d 9c da c0 01 00 00 4d
0x000001f273e8ae9f:   8d 14 da 49 8b 1b 48 3b c3 74 15 48 85 db 0f 84
0x000001f273e8aeaf:   32 00 00 00 49 83 c3 10 49 8b 1b 48 3b c3 75 eb 


Stack slot to memory mapping:

stack at sp + 0 slots: 0x000001f273e5958b is at code_begin+4363 in an Interpreter codelet
return entry points  [0x000001f273e58480, 0x000001f273e5a298]  7704 bytes
stack at sp + 1 slots: 0x000000070ad45c08 is an oop: org.apache.catalina.session.StandardSessionFacade 
{0x000000070ad45c08} - klass: 'org/apache/catalina/session/StandardSessionFacade'
 - ---- fields (total size 2 words):
 - private final 'session' 'Ljakarta/servlet/http/HttpSession;' @12  a 'org/apache/catalina/session/StandardSession'{0x00000007070df338} (0xe0e1be67)
stack at sp + 2 slots: 0x00000007084d4550 is an oop: com.jsL.codeNcut.band.form.FormController 
{0x00000007084d4550} - klass: 'com/jsL/codeNcut/band/form/FormController'
 - ---- fields (total size 3 words):
 - private final 'formService' 'Lcom/jsL/codeNcut/band/form/service/FormService;' @12  a 'com/jsL/codeNcut/band/form/service/FormService'{0x00000007084b8bd8} (0xe109717b)
 - private final 'bandService' 'Lcom/jsL/codeNcut/band/service/BandService;' @16  a 'com/jsL/codeNcut/band/service/BandService'{0x000000070847cac0} (0xe108f958)
stack at sp + 3 slots: 0x00000031824fccb0 is pointing into the stack for thread: 0x000001f247ab5dc0
stack at sp + 4 slots: 0x000001f242438276 is pointing into metadata
stack at sp + 5 slots: 0x0000000000000006 is an unknown value
stack at sp + 6 slots: 0x000001f2424383c8 is pointing into metadata
stack at sp + 7 slots: 0x00000031824fcd98 is pointing into the stack for thread: 0x000001f247ab5dc0

MethodHandle::interpreter_entry::_linkToVirtual [0x000001f273e8ad63, 0x000001f273e8adca] (103 bytes)
[MachCode]
  0x000001f273e8ad63: 6666 660f | 1f84 0000 | 0000 0066 | 6666 9066 | 660f 1f84 | 0000 0000 | 0066 6666 | 9048 8b53 
  0x000001f273e8ad83: 080f b752 | 2e48 8b0c | d458 5b50 | 448b 5108 | 49bb 0000 | 0000 f201 | 0000 4d03 | d34c 8b5b 
  0x000001f273e8ada3: 104b 8b9c | dac0 0100 | 0048 85db | 0f84 1000 | 0000 4180 | bfd8 0500 | 0000 7403 | ff63 38ff 
  0x000001f273e8adc3: 6350 e936 | 
[/MachCode]

---------------  P R O C E S S  ---------------

Threads class SMR info:
_java_thread_list=0x000001f24c260610, length=38, elements={
0x000001f27e8be190, 0x000001f27e8bef90, 0x000001f27e8c1100, 0x000001f27e8c2120,
0x000001f27e8c3da0, 0x000001f27e8c8120, 0x000001f27e8d40d0, 0x000001f27e9c52f0,
0x000001f27ea491f0, 0x000001f27ea6ea50, 0x000001f27ea6f0d0, 0x000001f27e9c2500,
0x000001f27e9c4c60, 0x000001f27e9c3f40, 0x000001f27e9c45d0, 0x000001f27e9c38b0,
0x000001f245152680, 0x000001f245152d10, 0x000001f247ab3660, 0x000001f247ab1c20,
0x000001f24514ff20, 0x000001f24514e4e0, 0x000001f24514d130, 0x000001f24514f200,
0x000001f245151ff0, 0x000001f24514caa0, 0x000001f24514eb70, 0x000001f247ab7800,
0x000001f247ab22b0, 0x000001f247ab2940, 0x000001f247ab5dc0, 0x000001f247ab4380,
0x000001f247ab6450, 0x000001f247ab5730, 0x000001f247ab1590, 0x000001f247ab8520,
0x000001f247ab2fd0, 0x000001f247ab4a10
}

Java Threads: ( => current thread )
  0x000001f27e8be190 JavaThread "Reference Handler"          daemon [_thread_blocked, id=14996, stack(0x00000031ff600000,0x00000031ff700000) (1024K)]
  0x000001f27e8bef90 JavaThread "Finalizer"                  daemon [_thread_blocked, id=9096, stack(0x00000031ff700000,0x00000031ff800000) (1024K)]
  0x000001f27e8c1100 JavaThread "Signal Dispatcher"          daemon [_thread_blocked, id=3576, stack(0x00000031ff800000,0x00000031ff900000) (1024K)]
  0x000001f27e8c2120 JavaThread "Attach Listener"            daemon [_thread_blocked, id=23900, stack(0x00000031ff900000,0x00000031ffa00000) (1024K)]
  0x000001f27e8c3da0 JavaThread "Service Thread"             daemon [_thread_blocked, id=12728, stack(0x00000031ffa00000,0x00000031ffb00000) (1024K)]
  0x000001f27e8c8120 JavaThread "Monitor Deflation Thread"   daemon [_thread_blocked, id=28452, stack(0x00000031ffb00000,0x00000031ffc00000) (1024K)]
  0x000001f27e8d40d0 JavaThread "C1 CompilerThread0"         daemon [_thread_blocked, id=31160, stack(0x00000031ffc00000,0x00000031ffd00000) (1024K)]
  0x000001f27e9c52f0 JavaThread "Common-Cleaner"             daemon [_thread_blocked, id=28028, stack(0x00000031ffd00000,0x00000031ffe00000) (1024K)]
  0x000001f27ea491f0 JavaThread "JDWP Transport Listener: dt_socket" daemon [_thread_blocked, id=15104, stack(0x0000003180000000,0x0000003180100000) (1024K)]
  0x000001f27ea6ea50 JavaThread "JDWP Event Helper Thread"   daemon [_thread_blocked, id=31016, stack(0x0000003180100000,0x0000003180200000) (1024K)]
  0x000001f27ea6f0d0 JavaThread "JDWP Command Reader"        daemon [_thread_in_native, id=7564, stack(0x0000003180200000,0x0000003180300000) (1024K)]
  0x000001f27e9c2500 JavaThread "Notification Thread"        daemon [_thread_blocked, id=17756, stack(0x0000003180300000,0x0000003180400000) (1024K)]
  0x000001f27e9c4c60 JavaThread "RMI TCP Accept-0"           daemon [_thread_in_native, id=5264, stack(0x0000003180b00000,0x0000003180c00000) (1024K)]
  0x000001f27e9c3f40 JavaThread "RMI TCP Accept-49968"       daemon [_thread_in_native, id=7496, stack(0x0000003180c00000,0x0000003180d00000) (1024K)]
  0x000001f27e9c45d0 JavaThread "RMI TCP Accept-0"           daemon [_thread_in_native, id=28828, stack(0x0000003180d00000,0x0000003180e00000) (1024K)]
  0x000001f27e9c38b0 JavaThread "RMI Scheduler(0)"           daemon [_thread_blocked, id=21096, stack(0x0000003181100000,0x0000003181200000) (1024K)]
  0x000001f245152680 JavaThread "mysql-cj-abandoned-connection-cleanup" daemon [_thread_blocked, id=29824, stack(0x0000003181900000,0x0000003181a00000) (1024K)]
  0x000001f245152d10 JavaThread "Live Reload Server"         daemon [_thread_in_native, id=22464, stack(0x0000003181f00000,0x0000003182000000) (1024K)]
  0x000001f247ab3660 JavaThread "DestroyJavaVM"                     [_thread_blocked, id=26428, stack(0x00000031fee00000,0x00000031fef00000) (1024K)]
  0x000001f247ab1c20 JavaThread "JMX server connection timeout 81" daemon [_thread_blocked, id=5912, stack(0x0000003181200000,0x0000003181300000) (1024K)]
  0x000001f24514ff20 JavaThread "RMI TCP Connection(idle)"   daemon [_thread_blocked, id=16880, stack(0x0000003182c00000,0x0000003182d00000) (1024K)]
  0x000001f24514e4e0 JavaThread "Catalina-utility-1"                [_thread_blocked, id=30432, stack(0x0000003181800000,0x0000003181900000) (1024K)]
  0x000001f24514d130 JavaThread "Catalina-utility-2"                [_thread_blocked, id=27800, stack(0x0000003181a00000,0x0000003181b00000) (1024K)]
  0x000001f24514f200 JavaThread "container-0"                       [_thread_blocked, id=29900, stack(0x0000003181b00000,0x0000003181c00000) (1024K)]
  0x000001f245151ff0 JavaThread "HikariPool-3 housekeeper"   daemon [_thread_blocked, id=21092, stack(0x0000003181c00000,0x0000003181d00000) (1024K)]
  0x000001f24514caa0 JavaThread "File Watcher"               daemon [_thread_blocked, id=25588, stack(0x0000003181e00000,0x0000003181f00000) (1024K)]
  0x000001f24514eb70 JavaThread "http-nio-8080-exec-1"       daemon [_thread_blocked, id=30944, stack(0x0000003182000000,0x0000003182100000) (1024K)]
  0x000001f247ab7800 JavaThread "http-nio-8080-exec-2"       daemon [_thread_blocked, id=19180, stack(0x0000003182100000,0x0000003182200000) (1024K)]
  0x000001f247ab22b0 JavaThread "http-nio-8080-exec-3"       daemon [_thread_blocked, id=23308, stack(0x0000003182200000,0x0000003182300000) (1024K)]
  0x000001f247ab2940 JavaThread "http-nio-8080-exec-4"       daemon [_thread_blocked, id=17176, stack(0x0000003182300000,0x0000003182400000) (1024K)]
=>0x000001f247ab5dc0 JavaThread "http-nio-8080-exec-5"       daemon [_thread_in_Java, id=31000, stack(0x0000003182400000,0x0000003182500000) (1024K)]
  0x000001f247ab4380 JavaThread "http-nio-8080-exec-6"       daemon [_thread_blocked, id=24024, stack(0x0000003182500000,0x0000003182600000) (1024K)]
  0x000001f247ab6450 JavaThread "http-nio-8080-exec-7"       daemon [_thread_blocked, id=11256, stack(0x0000003182600000,0x0000003182700000) (1024K)]
  0x000001f247ab5730 JavaThread "http-nio-8080-exec-8"       daemon [_thread_blocked, id=22168, stack(0x0000003182700000,0x0000003182800000) (1024K)]
  0x000001f247ab1590 JavaThread "http-nio-8080-exec-9"       daemon [_thread_blocked, id=8500, stack(0x0000003182800000,0x0000003182900000) (1024K)]
  0x000001f247ab8520 JavaThread "http-nio-8080-exec-10"      daemon [_thread_blocked, id=2888, stack(0x0000003182900000,0x0000003182a00000) (1024K)]
  0x000001f247ab2fd0 JavaThread "http-nio-8080-Poller"       daemon [_thread_in_native, id=24400, stack(0x0000003182a00000,0x0000003182b00000) (1024K)]
  0x000001f247ab4a10 JavaThread "http-nio-8080-Acceptor"     daemon [_thread_in_native, id=13452, stack(0x0000003182b00000,0x0000003182c00000) (1024K)]
Total: 38

Other Threads:
  0x000001f27e8a0730 VMThread "VM Thread"                           [id=25492, stack(0x00000031ff500000,0x00000031ff600000) (1024K)]
  0x000001f27e88f820 WatcherThread "VM Periodic Task Thread"        [id=16180, stack(0x00000031ff400000,0x00000031ff500000) (1024K)]
  0x000001f2705421b0 WorkerThread "GC Thread#0"                     [id=16500, stack(0x00000031fef00000,0x00000031ff000000) (1024K)]
  0x000001f27f41b1c0 WorkerThread "GC Thread#1"                     [id=23672, stack(0x0000003180400000,0x0000003180500000) (1024K)]
  0x000001f27f41b560 WorkerThread "GC Thread#2"                     [id=23908, stack(0x0000003180500000,0x0000003180600000) (1024K)]
  0x000001f27f41b900 WorkerThread "GC Thread#3"                     [id=28216, stack(0x0000003180600000,0x0000003180700000) (1024K)]
  0x000001f27f41bca0 WorkerThread "GC Thread#4"                     [id=12356, stack(0x0000003180700000,0x0000003180800000) (1024K)]
  0x000001f27f41c040 WorkerThread "GC Thread#5"                     [id=2760, stack(0x0000003180800000,0x0000003180900000) (1024K)]
  0x000001f27f452f50 WorkerThread "GC Thread#6"                     [id=4780, stack(0x0000003180900000,0x0000003180a00000) (1024K)]
  0x000001f27f4532f0 WorkerThread "GC Thread#7"                     [id=4324, stack(0x0000003180a00000,0x0000003180b00000) (1024K)]
  0x000001f270553cf0 ConcurrentGCThread "G1 Main Marker"            [id=10956, stack(0x00000031ff000000,0x00000031ff100000) (1024K)]
  0x000001f2705546f0 WorkerThread "G1 Conc#0"                       [id=13008, stack(0x00000031ff100000,0x00000031ff200000) (1024K)]
  0x000001f2452220d0 WorkerThread "G1 Conc#1"                       [id=1608, stack(0x0000003181600000,0x0000003181700000) (1024K)]
  0x000001f27e760ef0 ConcurrentGCThread "G1 Refine#0"               [id=20104, stack(0x00000031ff200000,0x00000031ff300000) (1024K)]
  0x000001f27e761710 ConcurrentGCThread "G1 Service"                [id=24512, stack(0x00000031ff300000,0x00000031ff400000) (1024K)]
Total: 15

Threads with active compile tasks:
Total: 0

VM state: not at safepoint (normal execution)

VM Mutex/Monitor currently owned by a thread: None

Heap address: 0x0000000705000000, size: 4016 MB, Compressed Oops mode: Zero based, Oop shift amount: 3

CDS archive(s) mapped at: [0x000001f200000000-0x000001f200c80000-0x000001f200c80000), size 13107200, SharedBaseAddress: 0x000001f200000000, ArchiveRelocationMode: 1.
Compressed class space mapped at: 0x000001f201000000-0x000001f241000000, reserved size: 1073741824
Narrow klass base: 0x000001f200000000, Narrow klass shift: 0, Narrow klass range: 0x100000000

GC Precious Log:
 CardTable entry size: 512
 Card Set container configuration: InlinePtr #cards 4 size 8 Array Of Cards #cards 16 size 48 Howl #buckets 8 coarsen threshold 3686 Howl Bitmap #cards 512 size 80 coarsen threshold 460 Card regions per heap region 1 cards per card region 4096
 CPUs: 8 total, 8 available
 Memory: 16060M
 Large Page Support: Disabled
 NUMA Support: Disabled
 Compressed Oops: Enabled (Zero based)
 Heap Region Size: 2M
 Heap Min Capacity: 8M
 Heap Initial Capacity: 252M
 Heap Max Capacity: 4016M
 Pre-touch: Disabled
 Parallel Workers: 8
 Concurrent Workers: 2
 Concurrent Refinement Workers: 8
 Periodic GC: Disabled

Heap:
 garbage-first heap   total 108544K, used 61439K [0x0000000705000000, 0x0000000800000000)
  region size 2048K, 14 young (28672K), 2 survivors (4096K)
 Metaspace       used 84052K, committed 85056K, reserved 1179648K
  class space    used 11358K, committed 11904K, reserved 1048576K

Heap Regions: E=young(eden), S=young(survivor), O=old, HS=humongous(starts), HC=humongous(continues), CS=collection set, F=free, TAMS=top-at-mark-start, PB=parsable bottom
|   0|0x0000000705000000, 0x0000000705200000, 0x0000000705200000|100%| O|  |TAMS 0x0000000705000000| PB 0x0000000705000000| Untracked 
|   1|0x0000000705200000, 0x00000007053fffe8, 0x0000000705400000| 99%| O|  |TAMS 0x0000000705200000| PB 0x0000000705200000| Untracked 
|   2|0x0000000705400000, 0x00000007055fe7c0, 0x0000000705600000| 99%| O|  |TAMS 0x0000000705400000| PB 0x0000000705400000| Untracked 
|   3|0x0000000705600000, 0x00000007057ffff0, 0x0000000705800000| 99%| O|  |TAMS 0x0000000705600000| PB 0x0000000705600000| Untracked 
|   4|0x0000000705800000, 0x00000007059ffff8, 0x0000000705a00000| 99%| O|  |TAMS 0x0000000705800000| PB 0x0000000705800000| Untracked 
|   5|0x0000000705a00000, 0x0000000705bffff8, 0x0000000705c00000| 99%| O|  |TAMS 0x0000000705a00000| PB 0x0000000705a00000| Untracked 
|   6|0x0000000705c00000, 0x0000000705e00000, 0x0000000705e00000|100%| O|  |TAMS 0x0000000705c00000| PB 0x0000000705c00000| Untracked 
|   7|0x0000000705e00000, 0x0000000705ffffe8, 0x0000000706000000| 99%| O|  |TAMS 0x0000000705e00000| PB 0x0000000705e00000| Untracked 
|   8|0x0000000706000000, 0x00000007061fffc0, 0x0000000706200000| 99%| O|  |TAMS 0x0000000706000000| PB 0x0000000706000000| Untracked 
|   9|0x0000000706200000, 0x00000007063fffe0, 0x0000000706400000| 99%| O|  |TAMS 0x0000000706200000| PB 0x0000000706200000| Untracked 
|  10|0x0000000706400000, 0x00000007065fffe0, 0x0000000706600000| 99%| O|  |TAMS 0x0000000706400000| PB 0x0000000706400000| Untracked 
|  11|0x0000000706600000, 0x0000000706800000, 0x0000000706800000|100%| O|  |TAMS 0x0000000706600000| PB 0x0000000706600000| Untracked 
|  12|0x0000000706800000, 0x0000000706946850, 0x0000000706a00000| 63%| O|  |TAMS 0x0000000706800000| PB 0x0000000706800000| Untracked 
|  13|0x0000000706a00000, 0x0000000706bfffe8, 0x0000000706c00000| 99%| O|  |TAMS 0x0000000706a00000| PB 0x0000000706a00000| Untracked 
|  14|0x0000000706c00000, 0x0000000706dfffb8, 0x0000000706e00000| 99%| O|  |TAMS 0x0000000706c00000| PB 0x0000000706c00000| Untracked 
|  15|0x0000000706e00000, 0x0000000706e874b0, 0x0000000707000000| 26%| O|  |TAMS 0x0000000706e00000| PB 0x0000000706e00000| Untracked 
|  16|0x0000000707000000, 0x0000000707200000, 0x0000000707200000|100%| O|  |TAMS 0x0000000707000000| PB 0x0000000707000000| Untracked 
|  17|0x0000000707200000, 0x000000070721d448, 0x0000000707400000|  5%| O|Cm|TAMS 0x0000000707200000| PB 0x0000000707200000| Complete 
|  18|0x0000000707400000, 0x0000000707556b58, 0x0000000707600000| 66%| O|  |TAMS 0x0000000707400000| PB 0x0000000707400000| Untracked 
|  19|0x0000000707600000, 0x00000007076fdb60, 0x0000000707800000| 49%| O|  |TAMS 0x0000000707600000| PB 0x0000000707600000| Untracked 
|  20|0x0000000707800000, 0x0000000707800000, 0x0000000707a00000|  0%| F|  |TAMS 0x0000000707800000| PB 0x0000000707800000| Untracked 
|  21|0x0000000707a00000, 0x0000000707a00000, 0x0000000707c00000|  0%| F|  |TAMS 0x0000000707a00000| PB 0x0000000707a00000| Untracked 
|  22|0x0000000707c00000, 0x0000000707c00000, 0x0000000707e00000|  0%| F|  |TAMS 0x0000000707c00000| PB 0x0000000707c00000| Untracked 
|  23|0x0000000707e00000, 0x0000000707e00000, 0x0000000708000000|  0%| F|  |TAMS 0x0000000707e00000| PB 0x0000000707e00000| Untracked 
|  24|0x0000000708000000, 0x0000000708000000, 0x0000000708200000|  0%| F|  |TAMS 0x0000000708000000| PB 0x0000000708000000| Untracked 
|  25|0x0000000708200000, 0x0000000708200000, 0x0000000708400000|  0%| F|  |TAMS 0x0000000708200000| PB 0x0000000708200000| Untracked 
|  26|0x0000000708400000, 0x00000007085c1f90, 0x0000000708600000| 87%| S|CS|TAMS 0x0000000708400000| PB 0x0000000708400000| Complete 
|  27|0x0000000708600000, 0x0000000708800000, 0x0000000708800000|100%| S|CS|TAMS 0x0000000708600000| PB 0x0000000708600000| Complete 
|  28|0x0000000708800000, 0x0000000708800000, 0x0000000708a00000|  0%| F|  |TAMS 0x0000000708800000| PB 0x0000000708800000| Untracked 
|  29|0x0000000708a00000, 0x0000000708a00000, 0x0000000708c00000|  0%| F|  |TAMS 0x0000000708a00000| PB 0x0000000708a00000| Untracked 
|  30|0x0000000708c00000, 0x0000000708c00000, 0x0000000708e00000|  0%| F|  |TAMS 0x0000000708c00000| PB 0x0000000708c00000| Untracked 
|  31|0x0000000708e00000, 0x0000000708e00000, 0x0000000709000000|  0%| F|  |TAMS 0x0000000708e00000| PB 0x0000000708e00000| Untracked 
|  32|0x0000000709000000, 0x0000000709000000, 0x0000000709200000|  0%| F|  |TAMS 0x0000000709000000| PB 0x0000000709000000| Untracked 
|  33|0x0000000709200000, 0x0000000709200000, 0x0000000709400000|  0%| F|  |TAMS 0x0000000709200000| PB 0x0000000709200000| Untracked 
|  34|0x0000000709400000, 0x0000000709400000, 0x0000000709600000|  0%| F|  |TAMS 0x0000000709400000| PB 0x0000000709400000| Untracked 
|  35|0x0000000709600000, 0x0000000709600000, 0x0000000709800000|  0%| F|  |TAMS 0x0000000709600000| PB 0x0000000709600000| Untracked 
|  36|0x0000000709800000, 0x0000000709800000, 0x0000000709a00000|  0%| F|  |TAMS 0x0000000709800000| PB 0x0000000709800000| Untracked 
|  37|0x0000000709a00000, 0x0000000709a00000, 0x0000000709c00000|  0%| F|  |TAMS 0x0000000709a00000| PB 0x0000000709a00000| Untracked 
|  38|0x0000000709c00000, 0x0000000709c00000, 0x0000000709e00000|  0%| F|  |TAMS 0x0000000709c00000| PB 0x0000000709c00000| Untracked 
|  39|0x0000000709e00000, 0x0000000709e00000, 0x000000070a000000|  0%| F|  |TAMS 0x0000000709e00000| PB 0x0000000709e00000| Untracked 
|  40|0x000000070a000000, 0x000000070a000000, 0x000000070a200000|  0%| F|  |TAMS 0x000000070a000000| PB 0x000000070a000000| Untracked 
|  41|0x000000070a200000, 0x000000070a239350, 0x000000070a400000| 11%| E|  |TAMS 0x000000070a200000| PB 0x000000070a200000| Complete 
|  42|0x000000070a400000, 0x000000070a600000, 0x000000070a600000|100%| E|CS|TAMS 0x000000070a400000| PB 0x000000070a400000| Complete 
|  43|0x000000070a600000, 0x000000070a800000, 0x000000070a800000|100%| E|CS|TAMS 0x000000070a600000| PB 0x000000070a600000| Complete 
|  44|0x000000070a800000, 0x000000070aa00000, 0x000000070aa00000|100%| E|CS|TAMS 0x000000070a800000| PB 0x000000070a800000| Complete 
|  45|0x000000070aa00000, 0x000000070ac00000, 0x000000070ac00000|100%| E|CS|TAMS 0x000000070aa00000| PB 0x000000070aa00000| Complete 
|  46|0x000000070ac00000, 0x000000070ae00000, 0x000000070ae00000|100%| E|CS|TAMS 0x000000070ac00000| PB 0x000000070ac00000| Complete 
|  47|0x000000070ae00000, 0x000000070b000000, 0x000000070b000000|100%| E|CS|TAMS 0x000000070ae00000| PB 0x000000070ae00000| Complete 
|  48|0x000000070b000000, 0x000000070b200000, 0x000000070b200000|100%| E|CS|TAMS 0x000000070b000000| PB 0x000000070b000000| Complete 
|  49|0x000000070b200000, 0x000000070b400000, 0x000000070b400000|100%| E|CS|TAMS 0x000000070b200000| PB 0x000000070b200000| Complete 
|  50|0x000000070b400000, 0x000000070b600000, 0x000000070b600000|100%| E|CS|TAMS 0x000000070b400000| PB 0x000000070b400000| Complete 
|  51|0x000000070b600000, 0x000000070b800000, 0x000000070b800000|100%| E|CS|TAMS 0x000000070b600000| PB 0x000000070b600000| Complete 
| 125|0x0000000714a00000, 0x0000000714c00000, 0x0000000714c00000|100%| E|CS|TAMS 0x0000000714a00000| PB 0x0000000714a00000| Complete 

Card table byte_map: [0x000001f277740000,0x000001f277f20000] _byte_map_base: 0x000001f273f18000

Marking Bits: (CMBitMap*) 0x000001f2705427b0
 Bits: [0x000001f277f20000, 0x000001f27bde0000)

Polling page: 0x000001f26e4c0000

Metaspace:

Usage:
  Non-class:     70.99 MB used.
      Class:     11.09 MB used.
       Both:     82.08 MB used.

Virtual space:
  Non-class space:      128.00 MB reserved,      71.44 MB ( 56%) committed,  2 nodes.
      Class space:        1.00 GB reserved,      11.62 MB (  1%) committed,  1 nodes.
             Both:        1.12 GB reserved,      83.06 MB (  7%) committed. 

Chunk freelists:
   Non-Class:  8.53 MB
       Class:  4.54 MB
        Both:  13.07 MB

MaxMetaspaceSize: unlimited
CompressedClassSpaceSize: 1.00 GB
Initial GC threshold: 21.00 MB
Current GC threshold: 137.44 MB
CDS: on
 - commit_granule_bytes: 65536.
 - commit_granule_words: 8192.
 - virtual_space_node_default_size: 8388608.
 - enlarge_chunks_in_place: 1.
 - use_allocation_guard: 0.


Internal statistics:

num_allocs_failed_limit: 6.
num_arena_births: 2594.
num_arena_deaths: 1396.
num_vsnodes_births: 3.
num_vsnodes_deaths: 0.
num_space_committed: 1329.
num_space_uncommitted: 0.
num_chunks_returned_to_freelist: 1686.
num_chunks_taken_from_freelist: 6109.
num_chunk_merges: 491.
num_chunk_splits: 3751.
num_chunks_enlarged: 2678.
num_inconsistent_stats: 0.

CodeCache: size=49152Kb used=21512Kb max_used=22532Kb free=27640Kb
 bounds [0x000001f273e50000, 0x000001f2754e0000, 0x000001f276e50000]
 total_blobs=11338 nmethods=10311 adapters=950
 compilation: enabled
              stopped_count=0, restarted_count=0
 full_count=0

Compilation events (20 events):
Event: 2968.245 Thread 0x000001f247b61fc0 nmethod 12325 0x000001f275320310 code [0x000001f2753204a0, 0x000001f275320568]
Event: 2968.247 Thread 0x000001f27e8d40d0 nmethod 12324 0x000001f27531d890 code [0x000001f27531dcc0, 0x000001f27531f3d0]
Event: 2968.269 Thread 0x000001f27e8d40d0 12326       1       org.springframework.web.servlet.handler.AbstractHandlerMapping::getHandler (244 bytes)
Event: 2968.269 Thread 0x000001f247b61fc0 12327       1       org.apache.tomcat.util.http.MimeHeaders::addValue (18 bytes)
Event: 2968.269 Thread 0x000001f247b61fc0 nmethod 12327 0x000001f27531d410 code [0x000001f27531d5c0, 0x000001f27531d748]
Event: 2968.270 Thread 0x000001f27e8d40d0 nmethod 12326 0x000001f27531c010 code [0x000001f27531c380, 0x000001f27531cd90]
Event: 2968.273 Thread 0x000001f247b61fc0 12328       1       org.hibernate.internal.AbstractSharedSessionContract::checkTransactionSynchStatus (9 bytes)
Event: 2968.273 Thread 0x000001f247b61fc0 nmethod 12328 0x000001f27531bb10 code [0x000001f27531bce0, 0x000001f27531bec0]
Event: 2969.720 Thread 0x000001f27e8d40d0 12329       1       java.lang.Error::<init> (6 bytes)
Event: 2969.721 Thread 0x000001f27e8d40d0 nmethod 12329 0x000001f2754dd790 code [0x000001f2754dd960, 0x000001f2754dddc0]
Event: 2975.778 Thread 0x000001f27e8d40d0 12330       1       org.apache.catalina.loader.WebappLoader::getContext (5 bytes)
Event: 2975.778 Thread 0x000001f27e8d40d0 nmethod 12330 0x000001f2754dd490 code [0x000001f2754dd620, 0x000001f2754dd6f0]
Event: 2975.778 Thread 0x000001f27e8d40d0 12331       1       org.apache.catalina.core.StandardContext::getReloadable (5 bytes)
Event: 2975.778 Thread 0x000001f27e8d40d0 nmethod 12331 0x000001f2754dd190 code [0x000001f2754dd320, 0x000001f2754dd3f0]
Event: 2975.778 Thread 0x000001f27e8d40d0 12332       1       java.util.Comparator$$Lambda/0x000001f2012e4040::compare (10 bytes)
Event: 2975.779 Thread 0x000001f27e8d40d0 nmethod 12332 0x000001f2754dcd10 code [0x000001f2754dcee0, 0x000001f2754dd0e8]
Event: 2975.779 Thread 0x000001f27e8d40d0 12333       1       java.util.Comparator::lambda$comparingLong$6043328a$1 (18 bytes)
Event: 2975.779 Thread 0x000001f27e8d40d0 nmethod 12333 0x000001f2754dc890 code [0x000001f2754dca60, 0x000001f2754dcc28]
Event: 2975.780 Thread 0x000001f27e8d40d0 12334       1       org.apache.catalina.core.StandardWrapper::getServlet (5 bytes)
Event: 2975.780 Thread 0x000001f27e8d40d0 nmethod 12334 0x000001f2754dc590 code [0x000001f2754dc720, 0x000001f2754dc7f0]

GC Heap History (20 events):
Event: 374.212 GC heap before
{Heap before GC invocations=26 (full 0):
 garbage-first heap   total 102400K, used 41984K [0x0000000705000000, 0x0000000800000000)
  region size 2048K, 4 young (8192K), 2 survivors (4096K)
 Metaspace       used 79491K, committed 80384K, reserved 1179648K
  class space    used 10799K, committed 11200K, reserved 1048576K
}
Event: 374.214 GC heap after
{Heap after GC invocations=27 (full 0):
 garbage-first heap   total 102400K, used 39798K [0x0000000705000000, 0x0000000800000000)
  region size 2048K, 2 young (4096K), 2 survivors (4096K)
 Metaspace       used 79491K, committed 80384K, reserved 1179648K
  class space    used 10799K, committed 11200K, reserved 1048576K
}
Event: 411.169 GC heap before
{Heap before GC invocations=28 (full 0):
 garbage-first heap   total 102400K, used 97142K [0x0000000705000000, 0x0000000800000000)
  region size 2048K, 27 young (55296K), 2 survivors (4096K)
 Metaspace       used 81462K, committed 82304K, reserved 1179648K
  class space    used 11038K, committed 11392K, reserved 1048576K
}
Event: 411.181 GC heap after
{Heap after GC invocations=29 (full 0):
 garbage-first heap   total 108544K, used 44358K [0x0000000705000000, 0x0000000800000000)
  region size 2048K, 4 young (8192K), 4 survivors (8192K)
 Metaspace       used 81462K, committed 82304K, reserved 1179648K
  class space    used 11038K, committed 11392K, reserved 1048576K
}
Event: 2167.644 GC heap before
{Heap before GC invocations=29 (full 0):
 garbage-first heap   total 108544K, used 89414K [0x0000000705000000, 0x0000000800000000)
  region size 2048K, 27 young (55296K), 4 survivors (8192K)
 Metaspace       used 83039K, committed 84096K, reserved 1179648K
  class space    used 11312K, committed 11776K, reserved 1048576K
}
Event: 2167.666 GC heap after
{Heap after GC invocations=30 (full 0):
 garbage-first heap   total 108544K, used 45813K [0x0000000705000000, 0x0000000800000000)
  region size 2048K, 2 young (4096K), 2 survivors (4096K)
 Metaspace       used 83039K, committed 84096K, reserved 1179648K
  class space    used 11312K, committed 11776K, reserved 1048576K
}
Event: 2497.545 GC heap before
{Heap before GC invocations=30 (full 0):
 garbage-first heap   total 108544K, used 94965K [0x0000000705000000, 0x0000000800000000)
  region size 2048K, 26 young (53248K), 2 survivors (4096K)
 Metaspace       used 83110K, committed 84160K, reserved 1179648K
  class space    used 11326K, committed 11776K, reserved 1048576K
}
Event: 2497.551 GC heap after
{Heap after GC invocations=31 (full 0):
 garbage-first heap   total 108544K, used 44443K [0x0000000705000000, 0x0000000800000000)
  region size 2048K, 2 young (4096K), 2 survivors (4096K)
 Metaspace       used 83110K, committed 84160K, reserved 1179648K
  class space    used 11326K, committed 11776K, reserved 1048576K
}
Event: 2767.617 GC heap before
{Heap before GC invocations=31 (full 0):
 garbage-first heap   total 108544K, used 81307K [0x0000000705000000, 0x0000000800000000)
  region size 2048K, 21 young (43008K), 2 survivors (4096K)
 Metaspace       used 83249K, committed 84416K, reserved 1179648K
  class space    used 11359K, committed 11904K, reserved 1048576K
}
Event: 2767.677 GC heap after
{Heap after GC invocations=32 (full 1):
 garbage-first heap   total 108544K, used 31875K [0x0000000705000000, 0x0000000800000000)
  region size 2048K, 0 young (0K), 0 survivors (0K)
 Metaspace       used 82457K, committed 84416K, reserved 1179648K
  class space    used 11170K, committed 11904K, reserved 1048576K
}
Event: 2774.430 GC heap before
{Heap before GC invocations=32 (full 1):
 garbage-first heap   total 108544K, used 93315K [0x0000000705000000, 0x0000000800000000)
  region size 2048K, 30 young (61440K), 0 survivors (0K)
 Metaspace       used 82854K, committed 84416K, reserved 1179648K
  class space    used 11241K, committed 11904K, reserved 1048576K
}
Event: 2774.435 GC heap after
{Heap after GC invocations=33 (full 1):
 garbage-first heap   total 108544K, used 37924K [0x0000000705000000, 0x0000000800000000)
  region size 2048K, 3 young (6144K), 3 survivors (6144K)
 Metaspace       used 82854K, committed 84416K, reserved 1179648K
  class space    used 11241K, committed 11904K, reserved 1048576K
}
Event: 2804.866 GC heap before
{Heap before GC invocations=34 (full 1):
 garbage-first heap   total 108544K, used 89124K [0x0000000705000000, 0x0000000800000000)
  region size 2048K, 28 young (57344K), 3 survivors (6144K)
 Metaspace       used 83379K, committed 84544K, reserved 1179648K
  class space    used 11295K, committed 11904K, reserved 1048576K
}
Event: 2804.886 GC heap after
{Heap after GC invocations=35 (full 1):
 garbage-first heap   total 108544K, used 42330K [0x0000000705000000, 0x0000000800000000)
  region size 2048K, 3 young (6144K), 3 survivors (6144K)
 Metaspace       used 83379K, committed 84544K, reserved 1179648K
  class space    used 11295K, committed 11904K, reserved 1048576K
}
Event: 2804.920 GC heap before
{Heap before GC invocations=35 (full 1):
 garbage-first heap   total 108544K, used 42330K [0x0000000705000000, 0x0000000800000000)
  region size 2048K, 4 young (8192K), 3 survivors (6144K)
 Metaspace       used 83382K, committed 84544K, reserved 1179648K
  class space    used 11295K, committed 11904K, reserved 1048576K
}
Event: 2804.982 GC heap after
{Heap after GC invocations=36 (full 2):
 garbage-first heap   total 108544K, used 32000K [0x0000000705000000, 0x0000000800000000)
  region size 2048K, 0 young (0K), 0 survivors (0K)
 Metaspace       used 83289K, committed 84544K, reserved 1179648K
  class space    used 11273K, committed 11904K, reserved 1048576K
}
Event: 2805.779 GC heap before
{Heap before GC invocations=36 (full 2):
 garbage-first heap   total 108544K, used 87296K [0x0000000705000000, 0x0000000800000000)
  region size 2048K, 28 young (57344K), 0 survivors (0K)
 Metaspace       used 83542K, committed 84544K, reserved 1179648K
  class space    used 11308K, committed 11904K, reserved 1048576K
}
Event: 2805.782 GC heap after
{Heap after GC invocations=37 (full 2):
 garbage-first heap   total 108544K, used 36491K [0x0000000705000000, 0x0000000800000000)
  region size 2048K, 3 young (6144K), 3 survivors (6144K)
 Metaspace       used 83542K, committed 84544K, reserved 1179648K
  class space    used 11308K, committed 11904K, reserved 1048576K
}
Event: 2866.293 GC heap before
{Heap before GC invocations=38 (full 2):
 garbage-first heap   total 108544K, used 87691K [0x0000000705000000, 0x0000000800000000)
  region size 2048K, 28 young (57344K), 3 survivors (6144K)
 Metaspace       used 83955K, committed 84928K, reserved 1179648K
  class space    used 11339K, committed 11904K, reserved 1048576K
}
Event: 2866.304 GC heap after
{Heap after GC invocations=39 (full 2):
 garbage-first heap   total 108544K, used 38911K [0x0000000705000000, 0x0000000800000000)
  region size 2048K, 2 young (4096K), 2 survivors (4096K)
 Metaspace       used 83955K, committed 84928K, reserved 1179648K
  class space    used 11339K, committed 11904K, reserved 1048576K
}

Dll operation events (12 events):
Event: 0.030 Loaded shared library C:\Users\imi90\OneDrive\Desktop\js\codeNcut_project\sts-4.28.1.RELEASE\plugins\org.eclipse.justj.openjdk.hotspot.jre.full.win32.x86_64_21.0.6.v20250130-0529\jre\bin\java.dll
Event: 0.058 Loaded shared library C:\Users\imi90\OneDrive\Desktop\js\codeNcut_project\sts-4.28.1.RELEASE\plugins\org.eclipse.justj.openjdk.hotspot.jre.full.win32.x86_64_21.0.6.v20250130-0529\jre\bin\zip.dll
Event: 0.443 Loaded shared library C:\Users\imi90\OneDrive\Desktop\js\codeNcut_project\sts-4.28.1.RELEASE\plugins\org.eclipse.justj.openjdk.hotspot.jre.full.win32.x86_64_21.0.6.v20250130-0529\jre\bin\instrument.dll
Event: 0.455 Loaded shared library C:\Users\imi90\OneDrive\Desktop\js\codeNcut_project\sts-4.28.1.RELEASE\plugins\org.eclipse.justj.openjdk.hotspot.jre.full.win32.x86_64_21.0.6.v20250130-0529\jre\bin\net.dll
Event: 0.459 Loaded shared library C:\Users\imi90\OneDrive\Desktop\js\codeNcut_project\sts-4.28.1.RELEASE\plugins\org.eclipse.justj.openjdk.hotspot.jre.full.win32.x86_64_21.0.6.v20250130-0529\jre\bin\nio.dll
Event: 0.465 Loaded shared library C:\Users\imi90\OneDrive\Desktop\js\codeNcut_project\sts-4.28.1.RELEASE\plugins\org.eclipse.justj.openjdk.hotspot.jre.full.win32.x86_64_21.0.6.v20250130-0529\jre\bin\zip.dll
Event: 0.736 Loaded shared library C:\Users\imi90\OneDrive\Desktop\js\codeNcut_project\sts-4.28.1.RELEASE\plugins\org.eclipse.justj.openjdk.hotspot.jre.full.win32.x86_64_21.0.6.v20250130-0529\jre\bin\jimage.dll
Event: 0.802 Loaded shared library C:\Users\imi90\OneDrive\Desktop\js\codeNcut_project\sts-4.28.1.RELEASE\plugins\org.eclipse.justj.openjdk.hotspot.jre.full.win32.x86_64_21.0.6.v20250130-0529\jre\bin\management.dll
Event: 0.818 Loaded shared library C:\Users\imi90\OneDrive\Desktop\js\codeNcut_project\sts-4.28.1.RELEASE\plugins\org.eclipse.justj.openjdk.hotspot.jre.full.win32.x86_64_21.0.6.v20250130-0529\jre\bin\management_ext.dll
Event: 1.176 Loaded shared library C:\Users\imi90\OneDrive\Desktop\js\codeNcut_project\sts-4.28.1.RELEASE\plugins\org.eclipse.justj.openjdk.hotspot.jre.full.win32.x86_64_21.0.6.v20250130-0529\jre\bin\extnet.dll
Event: 1.220 Loaded shared library C:\Users\imi90\OneDrive\Desktop\js\codeNcut_project\sts-4.28.1.RELEASE\plugins\org.eclipse.justj.openjdk.hotspot.jre.full.win32.x86_64_21.0.6.v20250130-0529\jre\bin\verify.dll
Event: 2.651 Loaded shared library C:\Users\imi90\OneDrive\Desktop\js\codeNcut_project\sts-4.28.1.RELEASE\plugins\org.eclipse.justj.openjdk.hotspot.jre.full.win32.x86_64_21.0.6.v20250130-0529\jre\bin\sunmscapi.dll

Deoptimization events (20 events):
Event: 2968.225 Thread 0x000001f247ab22b0 DEOPT PACKING pc=0x000001f274b85074 sp=0x00000031822fb9e0
Event: 2968.225 Thread 0x000001f247ab22b0 DEOPT UNPACKING pc=0x000001f273ea88e2 sp=0x00000031822faf48 mode 1
Event: 2968.225 Thread 0x000001f247ab22b0 DEOPT PACKING pc=0x000001f274b85074 sp=0x00000031822fb950
Event: 2968.225 Thread 0x000001f247ab22b0 DEOPT UNPACKING pc=0x000001f273ea88e2 sp=0x00000031822faeb8 mode 1
Event: 2968.226 Thread 0x000001f247ab22b0 DEOPT PACKING pc=0x000001f274b85074 sp=0x00000031822fb8c0
Event: 2968.226 Thread 0x000001f247ab22b0 DEOPT UNPACKING pc=0x000001f273ea88e2 sp=0x00000031822fae28 mode 1
Event: 2968.226 Thread 0x000001f247ab22b0 DEOPT PACKING pc=0x000001f274b85074 sp=0x00000031822fb830
Event: 2968.226 Thread 0x000001f247ab22b0 DEOPT UNPACKING pc=0x000001f273ea88e2 sp=0x00000031822fad98 mode 1
Event: 2968.226 Thread 0x000001f247ab22b0 DEOPT PACKING pc=0x000001f274b85074 sp=0x00000031822fba70
Event: 2968.226 Thread 0x000001f247ab22b0 DEOPT UNPACKING pc=0x000001f273ea88e2 sp=0x00000031822fafd8 mode 1
Event: 2968.226 Thread 0x000001f247ab22b0 DEOPT PACKING pc=0x000001f274b85074 sp=0x00000031822fb9e0
Event: 2968.226 Thread 0x000001f247ab22b0 DEOPT UNPACKING pc=0x000001f273ea88e2 sp=0x00000031822faf48 mode 1
Event: 2968.226 Thread 0x000001f247ab22b0 DEOPT PACKING pc=0x000001f274b85074 sp=0x00000031822fb950
Event: 2968.226 Thread 0x000001f247ab22b0 DEOPT UNPACKING pc=0x000001f273ea88e2 sp=0x00000031822faeb8 mode 1
Event: 2968.226 Thread 0x000001f247ab22b0 DEOPT PACKING pc=0x000001f274b85074 sp=0x00000031822fb8c0
Event: 2968.226 Thread 0x000001f247ab22b0 DEOPT UNPACKING pc=0x000001f273ea88e2 sp=0x00000031822fae28 mode 1
Event: 2968.226 Thread 0x000001f247ab22b0 DEOPT PACKING pc=0x000001f274b85074 sp=0x00000031822fb830
Event: 2968.226 Thread 0x000001f247ab22b0 DEOPT UNPACKING pc=0x000001f273ea88e2 sp=0x00000031822fad98 mode 1
Event: 2993.785 Thread 0x000001f247ab5dc0 DEOPT PACKING pc=0x000001f274ffafc4 sp=0x00000031824fccb0
Event: 2993.785 Thread 0x000001f247ab5dc0 DEOPT UNPACKING pc=0x000001f273ea88e2 sp=0x00000031824fc158 mode 0

Classes loaded (20 events):
Event: 2775.073 Loading class java/time/DurationEditor
Event: 2775.073 Loading class java/time/DurationEditor done
Event: 2805.003 Loading class sun/reflect/annotation/AnnotationInvocationHandler$1
Event: 2805.003 Loading class sun/reflect/annotation/AnnotationInvocationHandler$1 done
Event: 2966.789 Loading class java/lang/EnumBeanInfo
Event: 2966.789 Loading class java/lang/EnumBeanInfo done
Event: 2966.791 Loading class java/lang/EnumBeanInfo
Event: 2966.791 Loading class java/lang/EnumBeanInfo done
Event: 2966.792 Loading class java/lang/ObjectBeanInfo
Event: 2966.792 Loading class java/lang/ObjectBeanInfo done
Event: 2966.794 Loading class java/lang/ObjectBeanInfo
Event: 2966.794 Loading class java/lang/ObjectBeanInfo done
Event: 2966.794 Loading class java/lang/ObjectCustomizer
Event: 2966.794 Loading class java/lang/ObjectCustomizer done
Event: 2966.795 Loading class java/lang/ObjectCustomizer
Event: 2966.795 Loading class java/lang/ObjectCustomizer done
Event: 2966.796 Loading class java/lang/EnumCustomizer
Event: 2966.796 Loading class java/lang/EnumCustomizer done
Event: 2966.797 Loading class java/lang/EnumCustomizer
Event: 2966.797 Loading class java/lang/EnumCustomizer done

Classes unloaded (20 events):
Event: 2804.945 Thread 0x000001f27e8a0730 Unloading class 0x000001f201960c00 'java/lang/invoke/LambdaForm$MH+0x000001f201960c00'
Event: 2804.945 Thread 0x000001f27e8a0730 Unloading class 0x000001f201960800 'java/lang/invoke/LambdaForm$MH+0x000001f201960800'
Event: 2804.945 Thread 0x000001f27e8a0730 Unloading class 0x000001f201959800 'java/lang/invoke/LambdaForm$MH+0x000001f201959800'
Event: 2804.945 Thread 0x000001f27e8a0730 Unloading class 0x000001f201959000 'java/lang/invoke/LambdaForm$MH+0x000001f201959000'
Event: 2804.945 Thread 0x000001f27e8a0730 Unloading class 0x000001f201958400 'java/lang/invoke/LambdaForm$MH+0x000001f201958400'
Event: 2804.945 Thread 0x000001f27e8a0730 Unloading class 0x000001f201958000 'java/lang/invoke/LambdaForm$MH+0x000001f201958000'
Event: 2804.945 Thread 0x000001f27e8a0730 Unloading class 0x000001f2014f1c00 'java/lang/invoke/LambdaForm$MH+0x000001f2014f1c00'
Event: 2804.945 Thread 0x000001f27e8a0730 Unloading class 0x000001f2014f0c00 'java/lang/invoke/LambdaForm$MH+0x000001f2014f0c00'
Event: 2804.945 Thread 0x000001f27e8a0730 Unloading class 0x000001f2014e5800 'java/lang/invoke/LambdaForm$MH+0x000001f2014e5800'
Event: 2804.945 Thread 0x000001f27e8a0730 Unloading class 0x000001f2014e5400 'java/lang/invoke/LambdaForm$MH+0x000001f2014e5400'
Event: 2804.945 Thread 0x000001f27e8a0730 Unloading class 0x000001f2014d0000 'java/lang/invoke/LambdaForm$MH+0x000001f2014d0000'
Event: 2804.945 Thread 0x000001f27e8a0730 Unloading class 0x000001f201488c00 'java/lang/invoke/LambdaForm$MH+0x000001f201488c00'
Event: 2804.945 Thread 0x000001f27e8a0730 Unloading class 0x000001f201469400 'java/lang/invoke/LambdaForm$MH+0x000001f201469400'
Event: 2804.945 Thread 0x000001f27e8a0730 Unloading class 0x000001f201468c00 'java/lang/invoke/LambdaForm$MH+0x000001f201468c00'
Event: 2804.945 Thread 0x000001f27e8a0730 Unloading class 0x000001f201454c00 'java/lang/invoke/LambdaForm$MH+0x000001f201454c00'
Event: 2804.945 Thread 0x000001f27e8a0730 Unloading class 0x000001f201448800 'java/lang/invoke/LambdaForm$MH+0x000001f201448800'
Event: 2804.945 Thread 0x000001f27e8a0730 Unloading class 0x000001f2011d0400 'java/lang/invoke/LambdaForm$MH+0x000001f2011d0400'
Event: 2804.945 Thread 0x000001f27e8a0730 Unloading class 0x000001f201199400 'java/lang/invoke/LambdaForm$MH+0x000001f201199400'
Event: 2804.945 Thread 0x000001f27e8a0730 Unloading class 0x000001f201142c00 'java/lang/invoke/LambdaForm$MH+0x000001f201142c00'
Event: 2804.945 Thread 0x000001f27e8a0730 Unloading class 0x000001f201142800 'java/lang/invoke/LambdaForm$MH+0x000001f201142800'

Classes redefined (6 events):
Event: 2766.446 Thread 0x000001f27e8a0730 redefined class name=com.jsL.codeNcut.band.form.FormController, count=1
Event: 2803.019 Thread 0x000001f27e8a0730 redefined class name=com.jsL.codeNcut.band.form.FormController, count=1
Event: 2803.019 Thread 0x000001f27e8a0730 redefined class name=com.jsL.codeNcut.band.form.FormController, count=2
Event: 2993.808 Thread 0x000001f27e8a0730 redefined class name=com.jsL.codeNcut.band.form.FormController, count=1
Event: 2993.808 Thread 0x000001f27e8a0730 redefined class name=com.jsL.codeNcut.band.form.FormController, count=2
Event: 2993.808 Thread 0x000001f27e8a0730 redefined class name=com.jsL.codeNcut.band.form.FormController, count=3

Internal exceptions (20 events):
Event: 2966.820 Thread 0x000001f247ab7800 Exception <a 'java/lang/ClassNotFoundException'{0x000000070aadefa0}: org/thymeleaf/processor/element/AbstractElementModelProcessorBeanInfo> (0x000000070aadefa0) 
thrown [s\src\hotspot\share\classfile\systemDictionary.cpp, line 312]
Event: 2966.822 Thread 0x000001f247ab7800 Exception <a 'java/lang/ClassNotFoundException'{0x000000070aae7170}: org/thymeleaf/processor/element/AbstractElementModelProcessorCustomizer> (0x000000070aae7170) 
thrown [s\src\hotspot\share\classfile\systemDictionary.cpp, line 312]
Event: 2966.824 Thread 0x000001f247ab7800 Exception <a 'java/lang/ClassNotFoundException'{0x000000070aaf37c8}: org/thymeleaf/processor/element/AbstractAttributeModelProcessorCustomizer> (0x000000070aaf37c8) 
thrown [s\src\hotspot\share\classfile\systemDictionary.cpp, line 312]
Event: 2966.825 Thread 0x000001f247ab7800 Exception <a 'java/lang/ClassNotFoundException'{0x000000070aafd770}: nz/net/ultraq/thymeleaf/layoutdialect/decorators/DecorateProcessorCustomizer> (0x000000070aafd770) 
thrown [s\src\hotspot\share\classfile\systemDictionary.cpp, line 312]
Event: 2966.826 Thread 0x000001f247ab7800 Exception <a 'java/lang/NoSuchMethodError'{0x000000070ab08e60}: 'java.lang.Object java.lang.invoke.DirectMethodHandle$Holder.newInvokeSpecial(java.lang.Object, java.lang.Object, java.lang.Object, java.lang.Object, int)'> (0x000000070ab08e60) 
thrown [s\src\hotspot\share\interpreter\linkResolver.cpp, line 773]
Event: 2966.826 Thread 0x000001f247ab7800 Exception <a 'java/lang/NoSuchMethodError'{0x000000070ab0ca58}: 'java.lang.Object java.lang.invoke.DelegatingMethodHandle$Holder.reinvoke_L(java.lang.Object, java.lang.Object, java.lang.Object, java.lang.Object, int)'> (0x000000070ab0ca58) 
thrown [s\src\hotspot\share\interpreter\linkResolver.cpp, line 773]
Event: 2966.827 Thread 0x000001f247ab7800 Exception <a 'java/lang/NoSuchMethodError'{0x000000070ab1a448}: 'java.lang.Object java.lang.invoke.DelegatingMethodHandle$Holder.delegate(java.lang.Object, java.lang.Object, java.lang.Object, java.lang.Object, java.lang.Object, java.lang.Object, int)'> (0x000000070ab1a448) 
thrown [s\src\hotspot\share\interpreter\linkResolver.cpp, line 773]
Event: 2966.829 Thread 0x000001f247ab7800 Exception <a 'java/lang/NoSuchMethodError'{0x000000070ab68210}: 'int java.lang.invoke.DelegatingMethodHandle$Holder.reinvoke_L(java.lang.Object)'> (0x000000070ab68210) 
thrown [s\src\hotspot\share\interpreter\linkResolver.cpp, line 773]
Event: 2966.832 Thread 0x000001f247ab7800 Exception <a 'java/lang/ClassNotFoundException'{0x000000070ab82a58}: nz/net/ultraq/thymeleaf/layoutdialect/includes/IncludeProcessorBeanInfo> (0x000000070ab82a58) 
thrown [s\src\hotspot\share\classfile\systemDictionary.cpp, line 312]
Event: 2966.834 Thread 0x000001f247ab7800 Exception <a 'java/lang/ClassNotFoundException'{0x000000070ab8aa58}: nz/net/ultraq/thymeleaf/layoutdialect/includes/IncludeProcessorCustomizer> (0x000000070ab8aa58) 
thrown [s\src\hotspot\share\classfile\systemDictionary.cpp, line 312]
Event: 2966.836 Thread 0x000001f247ab7800 Exception <a 'java/lang/ClassNotFoundException'{0x000000070abaa350}: nz/net/ultraq/thymeleaf/layoutdialect/includes/InsertProcessorBeanInfo> (0x000000070abaa350) 
thrown [s\src\hotspot\share\classfile\systemDictionary.cpp, line 312]
Event: 2966.838 Thread 0x000001f247ab7800 Exception <a 'java/lang/ClassNotFoundException'{0x000000070abb2328}: nz/net/ultraq/thymeleaf/layoutdialect/includes/InsertProcessorCustomizer> (0x000000070abb2328) 
thrown [s\src\hotspot\share\classfile\systemDictionary.cpp, line 312]
Event: 2966.842 Thread 0x000001f247ab7800 Exception <a 'java/lang/ClassNotFoundException'{0x000000070abd1c58}: nz/net/ultraq/thymeleaf/layoutdialect/includes/ReplaceProcessorBeanInfo> (0x000000070abd1c58) 
thrown [s\src\hotspot\share\classfile\systemDictionary.cpp, line 312]
Event: 2966.845 Thread 0x000001f247ab7800 Exception <a 'java/lang/ClassNotFoundException'{0x000000070abd9ca8}: nz/net/ultraq/thymeleaf/layoutdialect/includes/ReplaceProcessorCustomizer> (0x000000070abd9ca8) 
thrown [s\src\hotspot\share\classfile\systemDictionary.cpp, line 312]
Event: 2966.849 Thread 0x000001f247ab7800 Exception <a 'java/lang/ClassNotFoundException'{0x000000070abf94e0}: nz/net/ultraq/thymeleaf/layoutdialect/fragments/FragmentProcessorBeanInfo> (0x000000070abf94e0) 
thrown [s\src\hotspot\share\classfile\systemDictionary.cpp, line 312]
Event: 2966.851 Thread 0x000001f247ab7800 Exception <a 'java/lang/ClassNotFoundException'{0x000000070a801680}: nz/net/ultraq/thymeleaf/layoutdialect/fragments/FragmentProcessorCustomizer> (0x000000070a801680) 
thrown [s\src\hotspot\share\classfile\systemDictionary.cpp, line 312]
Event: 2966.855 Thread 0x000001f247ab7800 Exception <a 'java/lang/ClassNotFoundException'{0x000000070a8214a0}: nz/net/ultraq/thymeleaf/layoutdialect/fragments/CollectFragmentProcessorBeanInfo> (0x000000070a8214a0) 
thrown [s\src\hotspot\share\classfile\systemDictionary.cpp, line 312]
Event: 2966.857 Thread 0x000001f247ab7800 Exception <a 'java/lang/ClassNotFoundException'{0x000000070a8298b8}: nz/net/ultraq/thymeleaf/layoutdialect/fragments/CollectFragmentProcessorCustomizer> (0x000000070a8298b8) 
thrown [s\src\hotspot\share\classfile\systemDictionary.cpp, line 312]
Event: 2966.860 Thread 0x000001f247ab7800 Exception <a 'java/lang/ClassNotFoundException'{0x000000070a84a3e8}: nz/net/ultraq/thymeleaf/layoutdialect/decorators/TitlePatternProcessorBeanInfo> (0x000000070a84a3e8) 
thrown [s\src\hotspot\share\classfile\systemDictionary.cpp, line 312]
Event: 2966.862 Thread 0x000001f247ab7800 Exception <a 'java/lang/ClassNotFoundException'{0x000000070a8526f0}: nz/net/ultraq/thymeleaf/layoutdialect/decorators/TitlePatternProcessorCustomizer> (0x000000070a8526f0) 
thrown [s\src\hotspot\share\classfile\systemDictionary.cpp, line 312]

ZGC Phase Switch (0 events):
No events

VM Operations (20 events):
Event: 2920.572 Executing VM operation: RendezvousGCThreads
Event: 2920.572 Executing VM operation: RendezvousGCThreads done
Event: 2966.999 Executing VM operation: Cleanup
Event: 2966.999 Executing VM operation: Cleanup done
Event: 2969.016 Executing VM operation: Cleanup
Event: 2969.016 Executing VM operation: Cleanup done
Event: 2969.873 Executing VM operation: get/set locals
Event: 2969.873 Executing VM operation: get/set locals done
Event: 2980.579 Executing VM operation: HandshakeAllThreads (HandshakeForDeflation)
Event: 2980.580 Executing VM operation: HandshakeAllThreads (HandshakeForDeflation) done
Event: 2980.580 Executing VM operation: RendezvousGCThreads
Event: 2980.580 Executing VM operation: RendezvousGCThreads done
Event: 2993.785 Executing VM operation: ChangeSingleStep
Event: 2993.785 Executing VM operation: ChangeSingleStep done
Event: 2993.786 Executing VM operation: ChangeSingleStep
Event: 2993.786 Executing VM operation: ChangeSingleStep done
Event: 2993.801 Executing VM operation: RedefineClasses
Event: 2993.832 Executing VM operation: RedefineClasses done
Event: 2993.834 Executing VM operation: ChangeSingleStep
Event: 2993.834 Executing VM operation: ChangeSingleStep done

Memory protections (0 events):
No events

Nmethod flushes (20 events):
Event: 2804.956 Thread 0x000001f27e8a0730 flushing  nmethod 0x000001f274d90190
Event: 2804.956 Thread 0x000001f27e8a0730 flushing  nmethod 0x000001f274d92090
Event: 2804.956 Thread 0x000001f27e8a0730 flushing  nmethod 0x000001f274d93510
Event: 2804.956 Thread 0x000001f27e8a0730 flushing  nmethod 0x000001f274da1b90
Event: 2804.956 Thread 0x000001f27e8a0730 flushing  nmethod 0x000001f274da2e90
Event: 2804.956 Thread 0x000001f27e8a0730 flushing  nmethod 0x000001f274da3210
Event: 2804.956 Thread 0x000001f27e8a0730 flushing  nmethod 0x000001f274da3610
Event: 2804.956 Thread 0x000001f27e8a0730 flushing  nmethod 0x000001f274da7c90
Event: 2804.956 Thread 0x000001f27e8a0730 flushing  nmethod 0x000001f274da8a10
Event: 2804.956 Thread 0x000001f27e8a0730 flushing  nmethod 0x000001f274da9110
Event: 2804.956 Thread 0x000001f27e8a0730 flushing  nmethod 0x000001f274daa710
Event: 2804.956 Thread 0x000001f27e8a0730 flushing  nmethod 0x000001f274dbe290
Event: 2804.956 Thread 0x000001f27e8a0730 flushing  nmethod 0x000001f274dc3e10
Event: 2804.956 Thread 0x000001f27e8a0730 flushing  nmethod 0x000001f274dc4990
Event: 2804.956 Thread 0x000001f27e8a0730 flushing  nmethod 0x000001f274dc5f90
Event: 2804.956 Thread 0x000001f27e8a0730 flushing  nmethod 0x000001f274dede10
Event: 2804.956 Thread 0x000001f27e8a0730 flushing  nmethod 0x000001f274dee110
Event: 2804.956 Thread 0x000001f27e8a0730 flushing  nmethod 0x000001f274e3c010
Event: 2804.956 Thread 0x000001f27e8a0730 flushing  nmethod 0x000001f274e60c10
Event: 2804.956 Thread 0x000001f27e8a0730 flushing  nmethod 0x000001f274e60f90

Events (20 events):
Event: 2806.252 Thread 0x000001f24514de50 Thread added: 0x000001f247ab1590
Event: 2806.253 Thread 0x000001f24514de50 Thread added: 0x000001f247ab8520
Event: 2806.258 Thread 0x000001f24514de50 Thread added: 0x000001f247ab2fd0
Event: 2806.258 Thread 0x000001f24514de50 Thread added: 0x000001f247ab4a10
Event: 2806.272 Thread 0x000001f247ab7e90 Thread added: 0x000001f27e9c3220
Event: 2806.275 Thread 0x000001f27e9c2b90 Thread exited: 0x000001f27e9c2b90
Event: 2806.275 Thread 0x000001f24514de50 Thread exited: 0x000001f24514de50
Event: 2806.280 Thread 0x000001f24514ff20 Thread added: 0x000001f27e9c2b90
Event: 2806.284 Thread 0x000001f27e9c2b90 Thread exited: 0x000001f27e9c2b90
Event: 2806.287 Thread 0x000001f24514ff20 Thread added: 0x000001f27e9c2b90
Event: 2806.290 Thread 0x000001f27e9c2b90 Thread exited: 0x000001f27e9c2b90
Event: 2807.303 Thread 0x000001f27e9c3220 Thread exited: 0x000001f27e9c3220
Event: 2811.257 Thread 0x000001f24514d7c0 Thread exited: 0x000001f24514d7c0
Event: 2812.500 Thread 0x000001f247b61220 Thread exited: 0x000001f247b61220
Event: 2812.500 Thread 0x000001f247b5f010 Thread exited: 0x000001f247b5f010
Event: 2882.489 Thread 0x000001f247ab7e90 Thread exited: 0x000001f247ab7e90
Event: 2896.281 Thread 0x000001f2451540c0 Thread exited: 0x000001f2451540c0
Event: 2896.281 Thread 0x000001f245150c40 Thread exited: 0x000001f245150c40
Event: 2966.753 Thread 0x000001f27e8d40d0 Thread added: 0x000001f247b61fc0
Event: 2969.720 Thread 0x000001f247b61fc0 Thread exited: 0x000001f247b61fc0


Dynamic libraries:
0x00007ff784f70000 - 0x00007ff784f7e000 	C:\Users\imi90\OneDrive\Desktop\js\codeNcut_project\sts-4.28.1.RELEASE\plugins\org.eclipse.justj.openjdk.hotspot.jre.full.win32.x86_64_21.0.6.v20250130-0529\jre\bin\javaw.exe
0x00007ffff8590000 - 0x00007ffff87a7000 	C:\WINDOWS\SYSTEM32\ntdll.dll
0x00007ffff62b0000 - 0x00007ffff6374000 	C:\WINDOWS\System32\KERNEL32.DLL
0x00007ffff59c0000 - 0x00007ffff5d93000 	C:\WINDOWS\System32\KERNELBASE.dll
0x00007ffff56a0000 - 0x00007ffff57b1000 	C:\WINDOWS\System32\ucrtbase.dll
0x00007fffe9dc0000 - 0x00007fffe9dd8000 	C:\Users\imi90\OneDrive\Desktop\js\codeNcut_project\sts-4.28.1.RELEASE\plugins\org.eclipse.justj.openjdk.hotspot.jre.full.win32.x86_64_21.0.6.v20250130-0529\jre\bin\jli.dll
0x00007fffed180000 - 0x00007fffed19e000 	C:\Users\imi90\OneDrive\Desktop\js\codeNcut_project\sts-4.28.1.RELEASE\plugins\org.eclipse.justj.openjdk.hotspot.jre.full.win32.x86_64_21.0.6.v20250130-0529\jre\bin\VCRUNTIME140.dll
0x00007ffff6aa0000 - 0x00007ffff6c51000 	C:\WINDOWS\System32\USER32.dll
0x00007ffff58e0000 - 0x00007ffff5906000 	C:\WINDOWS\System32\win32u.dll
0x00007ffff6280000 - 0x00007ffff62a9000 	C:\WINDOWS\System32\GDI32.dll
0x00007ffff57c0000 - 0x00007ffff58db000 	C:\WINDOWS\System32\gdi32full.dll
0x00007ffff5da0000 - 0x00007ffff5e3a000 	C:\WINDOWS\System32\msvcp_win.dll
0x00007fffe64c0000 - 0x00007fffe6758000 	C:\WINDOWS\WinSxS\amd64_microsoft.windows.common-controls_6595b64144ccf1df_6.0.22621.5124_none_270e8f4f7386d69d\COMCTL32.dll
0x00007ffff6d90000 - 0x00007ffff6e37000 	C:\WINDOWS\System32\msvcrt.dll
0x00007ffff6e40000 - 0x00007ffff6e71000 	C:\WINDOWS\System32\IMM32.DLL
0x00007fffed170000 - 0x00007fffed17c000 	C:\Users\imi90\OneDrive\Desktop\js\codeNcut_project\sts-4.28.1.RELEASE\plugins\org.eclipse.justj.openjdk.hotspot.jre.full.win32.x86_64_21.0.6.v20250130-0529\jre\bin\vcruntime140_1.dll
0x00007fffaad70000 - 0x00007fffaadfd000 	C:\Users\imi90\OneDrive\Desktop\js\codeNcut_project\sts-4.28.1.RELEASE\plugins\org.eclipse.justj.openjdk.hotspot.jre.full.win32.x86_64_21.0.6.v20250130-0529\jre\bin\msvcp140.dll
0x00007fff89e60000 - 0x00007fff8abf0000 	C:\Users\imi90\OneDrive\Desktop\js\codeNcut_project\sts-4.28.1.RELEASE\plugins\org.eclipse.justj.openjdk.hotspot.jre.full.win32.x86_64_21.0.6.v20250130-0529\jre\bin\server\jvm.dll
0x00007ffff7fa0000 - 0x00007ffff8051000 	C:\WINDOWS\System32\ADVAPI32.dll
0x00007ffff80f0000 - 0x00007ffff8198000 	C:\WINDOWS\System32\sechost.dll
0x00007ffff5910000 - 0x00007ffff5938000 	C:\WINDOWS\System32\bcrypt.dll
0x00007ffff7900000 - 0x00007ffff7a14000 	C:\WINDOWS\System32\RPCRT4.dll
0x00007ffff7a20000 - 0x00007ffff7a91000 	C:\WINDOWS\System32\WS2_32.dll
0x00007fffef6e0000 - 0x00007fffef714000 	C:\WINDOWS\SYSTEM32\WINMM.dll
0x00007fffecd30000 - 0x00007fffecd3a000 	C:\WINDOWS\SYSTEM32\VERSION.dll
0x00007ffff4540000 - 0x00007ffff458d000 	C:\WINDOWS\SYSTEM32\POWRPROF.dll
0x00007ffff4500000 - 0x00007ffff4513000 	C:\WINDOWS\SYSTEM32\UMPDC.dll
0x00007ffff47c0000 - 0x00007ffff47d8000 	C:\WINDOWS\SYSTEM32\kernel.appcore.dll
0x00007fffe9e10000 - 0x00007fffe9e1a000 	C:\Users\imi90\OneDrive\Desktop\js\codeNcut_project\sts-4.28.1.RELEASE\plugins\org.eclipse.justj.openjdk.hotspot.jre.full.win32.x86_64_21.0.6.v20250130-0529\jre\bin\jimage.dll
0x00007ffff3120000 - 0x00007ffff3352000 	C:\WINDOWS\SYSTEM32\DBGHELP.DLL
0x00007ffff7c00000 - 0x00007ffff7f92000 	C:\WINDOWS\System32\combase.dll
0x00007ffff7b20000 - 0x00007ffff7bf7000 	C:\WINDOWS\System32\OLEAUT32.dll
0x00007fffdcae0000 - 0x00007fffdcb12000 	C:\WINDOWS\SYSTEM32\dbgcore.DLL
0x00007ffff5940000 - 0x00007ffff59bb000 	C:\WINDOWS\System32\bcryptPrimitives.dll
0x00007fffe08a0000 - 0x00007fffe08dc000 	C:\Users\imi90\OneDrive\Desktop\js\codeNcut_project\sts-4.28.1.RELEASE\plugins\org.eclipse.justj.openjdk.hotspot.jre.full.win32.x86_64_21.0.6.v20250130-0529\jre\bin\jdwp.dll
0x00007fffe9e00000 - 0x00007fffe9e0f000 	C:\Users\imi90\OneDrive\Desktop\js\codeNcut_project\sts-4.28.1.RELEASE\plugins\org.eclipse.justj.openjdk.hotspot.jre.full.win32.x86_64_21.0.6.v20250130-0529\jre\bin\instrument.dll
0x00007fffe9de0000 - 0x00007fffe9dff000 	C:\Users\imi90\OneDrive\Desktop\js\codeNcut_project\sts-4.28.1.RELEASE\plugins\org.eclipse.justj.openjdk.hotspot.jre.full.win32.x86_64_21.0.6.v20250130-0529\jre\bin\java.dll
0x00007ffff6e80000 - 0x00007ffff7716000 	C:\WINDOWS\System32\SHELL32.dll
0x00007ffff5f80000 - 0x00007ffff60bf000 	C:\WINDOWS\System32\wintypes.dll
0x00007ffff35d0000 - 0x00007ffff3eea000 	C:\WINDOWS\SYSTEM32\windows.storage.dll
0x00007ffff6490000 - 0x00007ffff659a000 	C:\WINDOWS\System32\SHCORE.dll
0x00007ffff7ab0000 - 0x00007ffff7b13000 	C:\WINDOWS\System32\shlwapi.dll
0x00007ffff55d0000 - 0x00007ffff55fb000 	C:\WINDOWS\SYSTEM32\profapi.dll
0x00007fffe9da0000 - 0x00007fffe9db8000 	C:\Users\imi90\OneDrive\Desktop\js\codeNcut_project\sts-4.28.1.RELEASE\plugins\org.eclipse.justj.openjdk.hotspot.jre.full.win32.x86_64_21.0.6.v20250130-0529\jre\bin\zip.dll
0x00007fffefc40000 - 0x00007fffefc4b000 	C:\Users\imi90\OneDrive\Desktop\js\codeNcut_project\sts-4.28.1.RELEASE\plugins\org.eclipse.justj.openjdk.hotspot.jre.full.win32.x86_64_21.0.6.v20250130-0529\jre\bin\dt_socket.dll
0x00007ffff4200000 - 0x00007ffff422d000 	C:\WINDOWS\SYSTEM32\IPHLPAPI.DLL
0x00007ffff4c40000 - 0x00007ffff4caa000 	C:\WINDOWS\system32\mswsock.dll
0x00007ffff4280000 - 0x00007ffff4382000 	C:\WINDOWS\SYSTEM32\DNSAPI.dll
0x00007ffff7aa0000 - 0x00007ffff7aa9000 	C:\WINDOWS\System32\NSI.dll
0x00007fffef070000 - 0x00007fffef07a000 	C:\Windows\System32\rasadhlp.dll
0x00007fffef430000 - 0x00007fffef4b3000 	C:\WINDOWS\System32\fwpuclnt.dll
0x00007fffe9d90000 - 0x00007fffe9da0000 	C:\Users\imi90\OneDrive\Desktop\js\codeNcut_project\sts-4.28.1.RELEASE\plugins\org.eclipse.justj.openjdk.hotspot.jre.full.win32.x86_64_21.0.6.v20250130-0529\jre\bin\net.dll
0x00007ffff0c10000 - 0x00007ffff0d3c000 	C:\WINDOWS\SYSTEM32\WINHTTP.dll
0x00007fffe9d70000 - 0x00007fffe9d86000 	C:\Users\imi90\OneDrive\Desktop\js\codeNcut_project\sts-4.28.1.RELEASE\plugins\org.eclipse.justj.openjdk.hotspot.jre.full.win32.x86_64_21.0.6.v20250130-0529\jre\bin\nio.dll
0x00007ffff2680000 - 0x00007ffff268a000 	C:\Users\imi90\OneDrive\Desktop\js\codeNcut_project\sts-4.28.1.RELEASE\plugins\org.eclipse.justj.openjdk.hotspot.jre.full.win32.x86_64_21.0.6.v20250130-0529\jre\bin\management.dll
0x00007fffef7c0000 - 0x00007fffef7cb000 	C:\Users\imi90\OneDrive\Desktop\js\codeNcut_project\sts-4.28.1.RELEASE\plugins\org.eclipse.justj.openjdk.hotspot.jre.full.win32.x86_64_21.0.6.v20250130-0529\jre\bin\management_ext.dll
0x00007ffff6610000 - 0x00007ffff6618000 	C:\WINDOWS\System32\PSAPI.DLL
0x00007fffcf510000 - 0x00007fffcf527000 	C:\WINDOWS\system32\napinsp.dll
0x00007fffcf4f0000 - 0x00007fffcf50b000 	C:\WINDOWS\system32\pnrpnsp.dll
0x00007fffcf4d0000 - 0x00007fffcf4e1000 	C:\WINDOWS\System32\winrnr.dll
0x00007fffef0c0000 - 0x00007fffef0d5000 	C:\WINDOWS\system32\wshbth.dll
0x00007fffcf2c0000 - 0x00007fffcf2e7000 	C:\WINDOWS\system32\nlansp_c.dll
0x00007ffff4e90000 - 0x00007ffff4eab000 	C:\WINDOWS\SYSTEM32\CRYPTSP.dll
0x00007ffff4720000 - 0x00007ffff4757000 	C:\WINDOWS\system32\rsaenh.dll
0x00007ffff4d30000 - 0x00007ffff4d58000 	C:\WINDOWS\SYSTEM32\USERENV.dll
0x00007ffff4eb0000 - 0x00007ffff4ebc000 	C:\WINDOWS\SYSTEM32\CRYPTBASE.dll
0x00007fffed160000 - 0x00007fffed169000 	C:\Users\imi90\OneDrive\Desktop\js\codeNcut_project\sts-4.28.1.RELEASE\plugins\org.eclipse.justj.openjdk.hotspot.jre.full.win32.x86_64_21.0.6.v20250130-0529\jre\bin\extnet.dll
0x00007fffe9d60000 - 0x00007fffe9d70000 	C:\Users\imi90\OneDrive\Desktop\js\codeNcut_project\sts-4.28.1.RELEASE\plugins\org.eclipse.justj.openjdk.hotspot.jre.full.win32.x86_64_21.0.6.v20250130-0529\jre\bin\verify.dll
0x00007fffdc880000 - 0x00007fffdc88e000 	C:\Users\imi90\OneDrive\Desktop\js\codeNcut_project\sts-4.28.1.RELEASE\plugins\org.eclipse.justj.openjdk.hotspot.jre.full.win32.x86_64_21.0.6.v20250130-0529\jre\bin\sunmscapi.dll
0x00007ffff60c0000 - 0x00007ffff6227000 	C:\WINDOWS\System32\CRYPT32.dll
0x00007ffff5050000 - 0x00007ffff507d000 	C:\WINDOWS\SYSTEM32\ncrypt.dll
0x00007ffff5010000 - 0x00007ffff5047000 	C:\WINDOWS\SYSTEM32\NTASN1.dll
0x00007fffcfba0000 - 0x00007fffcfba8000 	C:\WINDOWS\system32\wshunix.dll

dbghelp: loaded successfully - version: 4.0.5 - missing functions: none
symbol engine: initialized successfully - sym options: 0x614 - pdb path: .;C:\Users\imi90\OneDrive\Desktop\js\codeNcut_project\sts-4.28.1.RELEASE\plugins\org.eclipse.justj.openjdk.hotspot.jre.full.win32.x86_64_21.0.6.v20250130-0529\jre\bin;C:\WINDOWS\SYSTEM32;C:\WINDOWS\WinSxS\amd64_microsoft.windows.common-controls_6595b64144ccf1df_6.0.22621.5124_none_270e8f4f7386d69d;C:\Users\imi90\OneDrive\Desktop\js\codeNcut_project\sts-4.28.1.RELEASE\plugins\org.eclipse.justj.openjdk.hotspot.jre.full.win32.x86_64_21.0.6.v20250130-0529\jre\bin\server

VM Arguments:
jvm_args: -XX:+ShowCodeDetailsInExceptionMessages -agentlib:jdwp=transport=dt_socket,suspend=y,address=localhost:49969 -Dcom.sun.management.jmxremote -Dcom.sun.management.jmxremote.port=49968 -Dcom.sun.management.jmxremote.authenticate=false -Dcom.sun.management.jmxremote.ssl=false -Djava.rmi.server.hostname=localhost -Dspring.jmx.enabled=true -Dmanagement.endpoints.jmx.exposure.include=* -Dspring.application.admin.enabled=true -Dspring.output.ansi.enabled=always -XX:TieredStopAtLevel=1 -Dspring.boot.project.name=codeNcut -javaagent:C:\Users\imi90\OneDrive\Desktop\js\codeNcut_project\sts-4.28.1.RELEASE\configuration\org.eclipse.osgi\275\0\.cp\lib\javaagent-shaded.jar -Dfile.encoding=UTF-8 -Dstdout.encoding=UTF-8 -Dstderr.encoding=UTF-8 
java_command: com.jsL.codeNcut.CodeNcutApplication
java_class_path (initial): C:\Users\imi90\OneDrive\Desktop\js\codeNcut_project\project\codeNcut\bin\main;C:\Users\imi90\.gradle\caches\modules-2\files-2.1\org.springframework.boot\spring-boot-configuration-processor\3.3.10\fbdba57d3cae9223c8b03f678602f914903fb492\spring-boot-configuration-processor-3.3.10.jar;C:\Users\imi90\.gradle\caches\modules-2\files-2.1\org.projectlombok\lombok\1.18.36\5a30490a6e14977d97d9c73c924c1f1b5311ea95\lombok-1.18.36.jar;C:\Users\imi90\.gradle\caches\modules-2\files-2.1\org.springframework.boot\spring-boot-starter-web\3.3.10\e19d892c994f56a8f6791a29e81329499af41633\spring-boot-starter-web-3.3.10.jar;C:\Users\imi90\.gradle\caches\modules-2\files-2.1\org.mybatis.spring.boot\mybatis-spring-boot-starter\3.0.4\2a56c4aa1f81aaef9abb0105f72702a737517d9a\mybatis-spring-boot-starter-3.0.4.jar;C:\Users\imi90\.gradle\caches\modules-2\files-2.1\org.springframework.boot\spring-boot-starter-thymeleaf\3.3.10\df29f56826eed4ff49434318a72a0fd8082bbb30\spring-boot-starter-thymeleaf-3.3.10.jar;C:\Users\imi90\.gradle\caches\modules-2\files-2.1\nz.net.ultraq.thymeleaf\thymeleaf-layout-dialect\3.3.0\275da01788302e514c0549a4db5fa6b29ef84ba6\thymeleaf-layout-dialect-3.3.0.jar;C:\Users\imi90\.gradle\caches\modules-2\files-2.1\com.github.gavlyukovskiy\p6spy-spring-boot-starter\1.9.0\b51740224ed4f0cdca7ba93fe9167e7b97064f41\p6spy-spring-boot-starter-1.9.0.jar;C:\Users\imi90\.gradle\caches\modules-2\files-2.1\org.springframework.boot\spring-boot-starter-data-jpa\3.3.10\2d31b381d41794b03ce0a74ee60b98eb8d6a10f1\spring-boot-starter-data-jpa-3.3.10.jar;C:\Users\imi90\.gradle\caches\modules-2\files-2.1\org.springframework.boot\spring-boot-starter-json\3.3.10\b50253059d49b2f37640e36d3882aa2ff7b65a97\spring-boot-starter-json-3.3.10.jar;C:\Users\imi90\.gradle\caches\modules-2\files-2.1\org.springframework.boot\spring-boot-starter-jdbc\3.3.10\4f15afcda4beaaf101c91aa693b4385ad278c9da\spring-boot-starter-jdbc-3.3.10.jar;C:\Users\imi90\.gradle\caches\modules-2\files-2.1\org.springframework.boot\spring-boot-starter-aop\3.3.10\58182f1694c9938cb2d89279a275f67e89389253\spring-boot-starter-aop-3.3.10.jar;C:\Users\imi90\.gradle\caches\modules-2\files-2.1\org.springframework.boot\spring-boot-starter\3.3.10\3145f77acb1dfc340fe532de28aa1ef05dbb30c4\spring-boot-starter-3.3.10.jar;C:\Users\imi90\.gradle\caches\modules-2\files-2.1\org.springframework.boot\spring-boot-starter-tomcat\3.3.10\50235cc35b9a0606b16011cd6d0d068eb499978d\spring-boot-starter-tomcat-3.3.10.jar;C:\Users\imi90\.gradle\caches\modules-2\files-2.1\org.springframework\spring-webmvc\6.1.18\9dc0c4bbd2ab6e1526ea3eeae6cda2370816bbd3\spring-webmvc-6.1.18.jar;C:\Users\imi90\.gradle\caches\modules-2\files-2.1\org.springframework\spring-web\6.1.18\639dcafd34aa4a6b46396ea83fd2be5d247c3fd\spring-web-6.1.18.jar;C:\Users\imi90\.gradle\caches\modules-2\files-2.1\org.mybatis.spring.boot\mybatis-spring-boot-autoconfigure\3.0.4\27c887cbd92c780e7d8baaf30d9dc5b5d5f0c03\mybatis-spring-boot-autoconfigure-3.0.4.jar;C:\Users\imi90\.gradle\caches\modules-2\files-2.1\org.mybatis\mybatis\3.5.17\b210805d7d67ab8c564efebbeae5ed648c5bc925\mybatis-3.5.17.jar;C:\Users\imi90\.gradle\caches\modules-2\files-2.1\org.mybatis\mybatis-spring\3.0.4\8a1250161c6b5c15103c1f51d6a1ad8307af4418\mybatis-spring-3.0.4.jar;C:\Users\imi90\.gradle\caches\modules-2\files-2.1\org.thymeleaf\thymeleaf-spring6\3.1.3.RELEASE\4b276ea2bd536a18e44b40ff1d9f4848965ff59c\thymeleaf-spring6-3.1.3.RELEASE.jar;C:\Users\imi90\.gradle\caches\modules-2\files-2.1\org.apache.groovy\groovy\4.0.26\1031daf8a73986def8b43c9bbf5d67671eb26553\groovy-4.0.26.jar;C:\Users\imi90\.gradle\caches\modules-2\files-2.1\com.github.gavlyukovskiy\datasource-decorator-spring-boot-autoconfigure\1.9.0\831a15b04e176cd41c0539cda6194ac3e6b715ff\datasource-decorator-spring-boot-autoconfigure-1.9.0.jar;C:\Users\imi90\.gradle\caches\modules-2\files-2.1\p6spy\p6spy\3.9.0\7fedf78cc1e53a623a7b36d1f2705790836400aa\p6spy-3.9.0.jar;C:\Users\imi90\.gradle\caches\modules-2\files-2.1\org.hibernate.orm\hibernate-core\6.5.3.Final\1e23c320a5d10f5eaecbd23095fca5c5c83c1fb5\hibernate-core-6.5.3.Final.jar;C:\Users\imi90\.gradle\caches\modules-2\files-2.1\org.springframework.data\spring-data-jpa\3.3.10\3d3c1c947a3bd812ba3daf662ca750586fcf6592\spring-data-jpa-3.3.10.jar;C:\Users\imi90\.gradle\caches\modules-2\files-2.1\org.springframework\spring-aspects\6.1.18\8af91840116d634af8510249b76b12306431e8e3\spring-aspects-6.1.18.jar;C:\Users\imi90\.gradle\caches\modules-2\files-2.1\org.springframework.boot\spring-boot-autoconfigure\3.3.10\a2215c7b8db62c4f1ee082f80ebfc15e508a975e\spring-boot-autoconfigure-3.3.10.jar;C:\Users\imi90\.gradle\caches\modules-2\files-2.1\org.springframework.boot\spring-boot\3.3.10\da636e238cd92067da52c7e26ad71a0834cad19\spring-boot-3.3.10.jar;C:\Users\imi90\.gradle\caches\modules-2\files-2.1\org.springframework.boot\spring-boot-starter-logging\3.3.10\7b2a428e02e4074870c0d39059f94b8029e6adca\spring-boot-starter-logging-3.3.10.jar;C:\Users\imi90\.gradle\caches\modules-2\files-2.1\jakarta.annotation\jakarta.annotation-api\2.1.1\48b9bda22b091b1f48b13af03fe36db3be6e1ae3\jakarta.annotation-api-2.1.1.jar;C:\Users\imi90\.gradle\caches\modules-2\files-2.1\org.springframework\spring-context\6.1.18\87c9536bbb348063765f5e72ae4160a186990582\spring-context-6.1.18.jar;C:\Users\imi90\.gradle\caches\modules-2\files-2.1\org.springframework\spring-aop\6.1.18\6626d8e89778406398101895c22ccdf6f608f3\spring-aop-6.1.18.jar;C:\Users\imi90\.gradle\caches\modules-2\files-2.1\org.springframework\spring-orm\6.1.18\79b0c2c46546b2feb88fa80eea35aebdceb04214\spring-orm-6.1.18.jar;C:\Users\imi90\.gradle\caches\modules-2\files-2.1\org.springframework\spring-jdbc\6.1.18\b01cd7f2f8ba52c3ce8578f1cb67e4a62b03aaf2\spring-jdbc-6.1.18.jar;C:\Users\imi90\.gradle\caches\modules-2\files-2.1\org.springframework.data\spring-data-commons\3.3.10\1176cc83d53c2fdb6ffa563a75187c43bbc13d93\spring-data-commons-3.3.10.jar;C:\Users\imi90\.gradle\caches\modules-2\files-2.1\org.springframework\spring-tx\6.1.18\5af0fdc7001e4dce486a762b2875fb7aee96845c\spring-tx-6.1.18.jar;C:\Users\imi90\.gradle\caches\modules-2\files-2.1\org.springframework\spring-beans\6.1.18\aee3affac2badcfc2bf4ca0e0543d9470fd03e7c\spring-beans-6.1.18.jar;C:\Users\imi90\.gradle\caches\modules-2\files-2.1\org.springframework\spring-expression\6.1.18\93658e0c3cebf6ce3e7900bc1ae954b1be9169ea\spring-expression-6.1.18.jar;C:\Users\imi90\.gradle\caches\modules-2\files-2.1\org.springframework\spring-core\6.1.18\25716c4d9bd54499ab879037554ad06b75352847\spring-core-6.1.18.jar;C:\Users\imi90\.gradle\caches\modules-2\files-2.1\org.yaml\snakeyaml\2.2\3af797a25458550a16bf89acc8e4ab2b7f2bfce0\snakeyaml-2.2.jar;C:\Users\imi90\.gradle\caches\modules-2\files-2.1\com.fasterxml.jackson.datatype\jackson-datatype-jsr310\2.17.3\a25fe2f5607fea9e00ed00cf81b7aa2eaacbbd6e\jackson-datatype-jsr310-2.17.3.jar;C:\Users\imi90\.gradle\caches\modules-2\files-2.1\com.fasterxml.jackson.module\jackson-module-parameter-names\2.17.3\41feb893351163ee5b395358e5fe1404cd1c432d\jackson-module-parameter-names-2.17.3.jar;C:\Users\imi90\.gradle\caches\modules-2\files-2.1\com.fasterxml.jackson.core\jackson-annotations\2.17.3\4f30a05d2eee0ab700cdc27aa5967e934d3042b2\jackson-annotations-2.17.3.jar;C:\Users\imi90\.gradle\caches\modules-2\files-2.1\com.fasterxml.jackson.core\jackson-core\2.17.3\1d6eb3e959c737692b720d3492b2f1f34c4c8579\jackson-core-2.17.3.jar;C:\Users\imi90\.gradle\caches\modules-2\files-2.1\com.fasterxml.jackson.datatype\jackson-datatype-jdk8\2.17.3\2b8b1894dc9798e761bd565df51ef1fc44c75a2a\jackson-datatype-jdk8-2.17.3.jar;C:\Users\imi90\.gradle\caches\modules-2\files-2.1\com.fasterxml.jackson.core\jackson-databind\2.17.3\42c617beb411ee813bdc39a287424bfb19d99185\jackson-databind-2.17.3.jar;C:\Users\imi90\.gradle\caches\modules-2\files-2.1\org.apache.tomcat.embed\tomcat-embed-websocket\10.1.39\abf50abbbae651f95dfcf9fae05f919bfa9b7046\tomcat-embed-websocket-10.1.39.jar;C:\Users\imi90\.gradle\caches\modules-2\files-2.1\org.apache.tomcat.embed\tomcat-embed-core\10.1.39\f6acead04214d5aaea82c2639392208df33b3abe\tomcat-embed-core-10.1.39.jar;C:\Users\imi90\.gradle\caches\modules-2\files-2.1\org.apache.tomcat.embed\tomcat-embed-el\10.1.39\88ff05c768c4654097ab0a9f2b49368a0877ad76\tomcat-embed-el-10.1.39.jar;C:\Users\imi90\.gradle\caches\modules-2\files-2.1\io.micrometer\micrometer-observation\1.13.12\4cd381f5e1c7e4541d0abce970a866c4563441ea\micrometer-observation-1.13.12.jar;C:\Users\imi90\.gradle\caches\modules-2\files-2.1\com.zaxxer\HikariCP\5.1.0\8c96e36c14461fc436bb02b264b96ef3ca5dca8c\HikariCP-5.1.0.jar;C:\Users\imi90\.gradle\caches\modules-2\files-2.1\org.thymeleaf\thymeleaf\3.1.3.RELEASE\51474f2a90b282ee97dabcd159c7faf24790f373\thymeleaf-3.1.3.RELEASE.jar;C:\Users\imi90\.gradle\caches\modules-2\files-2.1\ch.qos.logback\logback-classic\1.5.18\fc371f3fc97a639de2d67947cffb7518ec5e3d40\logback-classic-1.5.18.jar;C:\Users\imi90\.gradle\caches\modules-2\files-2.1\org.apache.logging.log4j\log4j-to-slf4j\2.23.1\425ad1eb8a39904d2830e907a324e956fb456520\log4j-to-slf4j-2.23.1.jar;C:\Users\imi90\.gradle\caches\modules-2\files-2.1\org.slf4j\jul-to-slf4j\2.0.17\524cb6ccc2b68a57604750e1ab8b13b5a786a6aa\jul-to-slf4j-2.0.17.jar;C:\Users\imi90\.gradle\caches\modules-2\files-2.1\org.slf4j\slf4j-api\2.0.17\d9e58ac9c7779ba3bf8142aff6c830617a7fe60f\slf4j-api-2.0.17.jar;C:\Users\imi90\.gradle\caches\modules-2\files-2.1\org.aspectj\aspectjweaver\1.9.23\5b2fd88a62b334f51ac7d002b57dfccd68b22724\aspectjweaver-1.9.23.jar;C:\Users\imi90\.gradle\caches\modules-2\files-2.1\jakarta.persistence\jakarta.persistence-api\3.1.0\66901fa1c373c6aff65c13791cc11da72060a8d6\jakarta.persistence-api-3.1.0.jar;C:\Users\imi90\.gradle\caches\modules-2\files-2.1\jakarta.transaction\jakarta.transaction-api\2.0.1\51a520e3fae406abb84e2e1148e6746ce3f80a1a\jakarta.transaction-api-2.0.1.jar;C:\Users\imi90\.gradle\caches\modules-2\files-2.1\org.antlr\antlr4-runtime\4.13.0\5a02e48521624faaf5ff4d99afc88b01686af655\antlr4-runtime-4.13.0.jar;C:\Users\imi90\.gradle\caches\modules-2\files-2.1\org.springframework\spring-jcl\6.1.18\9e3454f6ce8622e001ca84a68fb6a69873f47668\spring-jcl-6.1.18.jar;C:\Users\imi90\.gradle\caches\modules-2\files-2.1\io.micrometer\micrometer-commons\1.13.12\3bec8b61961af5d6d2e9fc5381750852359e582b\micrometer-commons-1.13.12.jar;C:\Users\imi90\.gradle\caches\modules-2\files-2.1\org.attoparser\attoparser\2.0.7.RELEASE\e5d0e988d9124139d645bb5872b24dfa23e283cc\attoparser-2.0.7.RELEASE.jar;C:\Users\imi90\.gradle\caches\modules-2\files-2.1\org.unbescape\unbescape\1.1.6.RELEASE\7b90360afb2b860e09e8347112800d12c12b2a13\unbescape-1.1.6.RELEASE.jar;C:\Users\imi90\.gradle\caches\modules-2\files-2.1\ch.qos.logback\logback-core\1.5.18\6c0375624f6f36b4e089e2488ba21334a11ef13f\logback-core-1.5.18.jar;C:\Users\imi90\.gradle\caches\modules-2\files-2.1\org.apache.logging.log4j\log4j-api\2.23.1\9c15c29c526d9c6783049c0a77722693c66706e1\log4j-api-2.23.1.jar;C:\Users\imi90\.gradle\caches\modules-2\files-2.1\org.springframework.boot\spring-boot-devtools\3.3.10\98e835b7c0bc9ca49e88074718dad2b24f6cf057\spring-boot-devtools-3.3.10.jar;C:\Users\imi90\.gradle\caches\modules-2\files-2.1\com.mysql\mysql-connector-j\8.3.0\1cc7fa5d61f4bbc113531a4ba6d85d41cf3d57e1\mysql-connector-j-8.3.0.jar;C:\Users\imi90\.gradle\caches\modules-2\files-2.1\nz.net.ultraq.groovy\groovy-extensions\2.1.0\c869dc033867e8861957ff3ff4e1ce0a00260e3a\groovy-extensions-2.1.0.jar;C:\Users\imi90\.gradle\caches\modules-2\files-2.1\nz.net.ultraq.thymeleaf\thymeleaf-expression-processor\3.2.0\566d36d35ba24120e8cef0d55869868e042785cf\thymeleaf-expression-processor-3.2.0.jar;C:\Users\imi90\.gradle\caches\modules-2\files-2.1\ognl\ognl\3.3.4\1904789bdd96f226ad252a02f230be1015f4462b\ognl-3.3.4.jar;C:\Users\imi90\.gradle\caches\modules-2\files-2.1\org.jboss.logging\jboss-logging\3.5.3.Final\c88fc1d8a96d4c3491f55d4317458ccad53ca663\jboss-logging-3.5.3.Final.jar;C:\Users\imi90\.gradle\caches\modules-2\files-2.1\org.hibernate.common\hibernate-commons-annotations\6.0.6.Final\77a5f94b56d49508e0ee334751db5b78e5ccd50c\hibernate-commons-annotations-6.0.6.Final.jar;C:\Users\imi90\.gradle\caches\modules-2\files-2.1\io.smallrye\jandex\3.1.2\a6c1c89925c7df06242b03dddb353116ceb9584c\jandex-3.1.2.jar;C:\Users\imi90\.gradle\caches\modules-2\files-2.1\com.fasterxml\classmate\1.7.0\e98374da1f2143ac8e6e0a95036994bb19137a3\classmate-1.7.0.jar;C:\Users\imi90\.gradle\caches\modules-2\files-2.1\net.bytebuddy\byte-buddy\1.14.19\4c0c637b8f47dc08f89240e6f59900011752c97b\byte-buddy-1.14.19.jar;C:\Users\imi90\.gradle\caches\modules-2\files-2.1\org.glassfish.jaxb\jaxb-runtime\4.0.5\ca84c2a7169b5293e232b9d00d1e4e36d4c3914a\jaxb-runtime-4.0.5.jar;C:\Users\imi90\.gradle\caches\modules-2\files-2.1\org.glassfish.jaxb\jaxb-core\4.0.5\7b4b11ea5542eea4ad55e1080b23be436795b3\jaxb-core-4.0.5.jar;C:\Users\imi90\.gradle\caches\modules-2\files-2.1\jakarta.xml.bind\jakarta.xml.bind-api\4.0.2\6cd5a999b834b63238005b7144136379dc36cad2\jakarta.xml.bind-api-4.0.2.jar;C:\Users\imi90\.gradle\caches\modules-2\files-2.1\jakarta.inject\jakarta.inject-api\2.0.1\4c28afe1991a941d7702fe1362c365f0a8641d1e\jakarta.inject-api-2.0.1.jar;C:\Users\imi90\.gradle\caches\modules-2\files-2.1\org.javassist\javassist\3.29.0-GA\d3959fa7e00bf04dbe519228a23213d2afb625d8\javassist-3.29.0-GA.jar;C:\Users\imi90\.gradle\caches\modules-2\files-2.1\org.eclipse.angus\angus-activation\2.0.2\41f1e0ddd157c856926ed149ab837d110955a9fc\angus-activation-2.0.2.jar;C:\Users\imi90\.gradle\caches\modules-2\files-2.1\jakarta.activation\jakarta.activation-api\2.1.3\fa165bd70cda600368eee31555222776a46b881f\jakarta.activation-api-2.1.3.jar;C:\Users\imi90\.gradle\caches\modules-2\files-2.1\org.glassfish.jaxb\txw2\4.0.5\f36a4ef12120a9bb06d766d6a0e54b144fd7ed98\txw2-4.0.5.jar;C:\Users\imi90\.gradle\caches\modules-2\files-2.1\com.sun.istack\istack-commons-runtime\4.1.2\18ec117c85f3ba0ac65409136afa8e42bc74e739\istack-commons-runtime-4.1.2.jar
Launcher Type: SUN_STANDARD

[Global flags]
     intx CICompilerCount                          = 4                                         {product} {ergonomic}
     uint ConcGCThreads                            = 2                                         {product} {ergonomic}
     uint G1ConcRefinementThreads                  = 8                                         {product} {ergonomic}
   size_t G1HeapRegionSize                         = 2097152                                   {product} {ergonomic}
    uintx GCDrainStackTargetSize                   = 64                                        {product} {ergonomic}
   size_t InitialHeapSize                          = 264241152                                 {product} {ergonomic}
     bool ManagementServer                         = true                                      {product} {command line}
   size_t MarkStackSize                            = 4194304                                   {product} {ergonomic}
   size_t MaxHeapSize                              = 4211081216                                {product} {ergonomic}
   size_t MaxNewSize                               = 2524971008                                {product} {ergonomic}
   size_t MinHeapDeltaBytes                        = 2097152                                   {product} {ergonomic}
   size_t MinHeapSize                              = 8388608                                   {product} {ergonomic}
    uintx NonNMethodCodeHeapSize                   = 4096                                   {pd product} {ergonomic}
    uintx NonProfiledCodeHeapSize                  = 0                                      {pd product} {ergonomic}
     bool ProfileInterpreter                       = false                                  {pd product} {command line}
    uintx ProfiledCodeHeapSize                     = 0                                      {pd product} {ergonomic}
     bool ShowCodeDetailsInExceptionMessages       = true                                   {manageable} {command line}
   size_t SoftMaxHeapSize                          = 4211081216                             {manageable} {ergonomic}
     intx TieredStopAtLevel                        = 1                                         {product} {command line}
     bool UseCompressedOops                        = true                           {product lp64_product} {ergonomic}
     bool UseG1GC                                  = true                                      {product} {ergonomic}
     bool UseLargePagesIndividualAllocation        = false                                  {pd product} {ergonomic}

Logging:
Log output configuration:
 #0: stdout all=warning uptime,level,tags foldmultilines=false
 #1: stderr all=off uptime,level,tags foldmultilines=false

Environment Variables:
JAVA_HOME=C:\Program Files\Java\jdk-24
CLASSPATH=C:\Program Files\Java\jdk-24\lib
PATH=C:\Users\imi90\OneDrive\Desktop\js\codeNcut_project\sts-4.28.1.RELEASE\plugins\org.eclipse.justj.openjdk.hotspot.jre.full.win32.x86_64_21.0.6.v20250130-0529\jre\bin;C:/Users/imi90/OneDrive/Desktop/js/codeNcut_project/sts-4.28.1.RELEASE//plugins/org.eclipse.justj.openjdk.hotspot.jre.full.win32.x86_64_21.0.6.v20250130-0529/jre/bin/server;C:/Users/imi90/OneDrive/Desktop/js/codeNcut_project/sts-4.28.1.RELEASE//plugins/org.eclipse.justj.openjdk.hotspot.jre.full.win32.x86_64_21.0.6.v20250130-0529/jre/bin;C:\Program Files\Common Files\Oracle\Java\javapath;C:\Program Files (x86)\VMware\VMware Player\bin\;C:\windows\system32;C:\windows;C:\windows\System32\Wbem;C:\windows\System32\WindowsPowerShell\v1.0\;C:\windows\System32\OpenSSH\;C:\Program Files (x86)\NVIDIA Corporation\PhysX\Common;C:\Program Files\NVIDIA Corporation\NVIDIA NvDLISR;C:\Program Files\dotnet\;C:\Program Files (x86)\IVI Foundation\VISA\WinNT\Bin;C:\WINDOWS\system32;C:\WINDOWS;C:\WINDOWS\System32\Wbem;C:\WINDOWS\System32\WindowsPowerShell\v1.0\;C:\WINDOWS\System32\OpenSSH\;C:\Program Files\Java\jdk-24\bin;C:\Program Files\MySQL\MySQL Shell 8.0\bin\;C:\Users\imi90\AppData\Local\Programs\Python\Python310\Scripts\;C:\Users\imi90\AppData\Local\Programs\Python\Python310\;C:\Users\imi90\AppData\Local\Microsoft\WindowsApps;C:\Program Files\Bandizip\;C:\Users\imi90\.dotnet\tools;C:\Users\imi90\AppData\Local\Programs\Microsoft VS Code\bin;C:\Program Files\Java\jdk-17;;C:\Users\imi90\OneDrive\Desktop\js\codeNcut_project\sts-4.28.1.RELEASE;
USERNAME=imi90
OS=Windows_NT
PROCESSOR_IDENTIFIER=Intel64 Family 6 Model 140 Stepping 1, GenuineIntel
TMP=C:\Users\imi90\AppData\Local\Temp
TEMP=C:\Users\imi90\AppData\Local\Temp




Periodic native trim disabled

---------------  S Y S T E M  ---------------

OS:
 Windows 11 , 64 bit Build 22621 (10.0.22621.5124)
OS uptime: 3 days 21:55 hours

CPU: total 8 (initial active 8) (4 cores per cpu, 2 threads per core) family 6 model 140 stepping 1 microcode 0xb4, cx8, cmov, fxsr, ht, mmx, 3dnowpref, sse, sse2, sse3, ssse3, sse4.1, sse4.2, popcnt, lzcnt, tsc, tscinvbit, avx, avx2, aes, erms, clmul, bmi1, bmi2, adx, avx512f, avx512dq, avx512cd, avx512bw, avx512vl, sha, fma, vzeroupper, avx512_vpopcntdq, avx512_vpclmulqdq, avx512_vaes, avx512_vnni, clflush, clflushopt, clwb, avx512_vbmi2, avx512_vbmi, rdtscp, rdpid, fsrm, gfni, avx512_bitalg, f16c, pku, cet_ibt, cet_ss, avx512_ifma
Processor Information for processor 0
  Max Mhz: 2801, Current Mhz: 1200, Mhz Limit: 2801
Processor Information for processor 1
  Max Mhz: 2801, Current Mhz: 2801, Mhz Limit: 2801
Processor Information for processor 2
  Max Mhz: 2801, Current Mhz: 2801, Mhz Limit: 2801
Processor Information for processor 3
  Max Mhz: 2801, Current Mhz: 2801, Mhz Limit: 2801
Processor Information for processor 4
  Max Mhz: 2801, Current Mhz: 400, Mhz Limit: 2801
Processor Information for processor 5
  Max Mhz: 2801, Current Mhz: 400, Mhz Limit: 2801
Processor Information for processor 6
  Max Mhz: 2801, Current Mhz: 400, Mhz Limit: 2801
Processor Information for processor 7
  Max Mhz: 2801, Current Mhz: 400, Mhz Limit: 2801

Memory: 4k page, system-wide physical 16060M (7098M free)
TotalPageFile size 18492M (AvailPageFile size 7669M)
current process WorkingSet (physical memory assigned to process): 321M, peak: 321M
current process commit charge ("private bytes"): 351M, peak: 373M

vm_info: OpenJDK 64-Bit Server VM (21.0.6+7-LTS) for windows-amd64 JRE (21.0.6+7-LTS), built on 2025-01-21T00:00:00Z by "admin" with MS VC++ 17.7 (VS2022)

END.
